2011-04-18 18:28:20 startup archives unpack
2011-04-18 18:28:20 install python-setuptools <none> 0.6.10-4ubuntu1
2011-04-18 18:28:20 status half-installed python-setuptools 0.6.10-4ubuntu1
2011-04-18 18:28:20 status unpacked python-setuptools 0.6.10-4ubuntu1
2011-04-18 18:28:20 status unpacked python-setuptools 0.6.10-4ubuntu1
2011-04-18 18:28:21 startup packages configure
2011-04-18 18:28:21 configure python-setuptools 0.6.10-4ubuntu1 0.6.10-4ubuntu1
2011-04-18 18:28:21 status unpacked python-setuptools 0.6.10-4ubuntu1
2011-04-18 18:28:21 status half-configured python-setuptools 0.6.10-4ubuntu1
2011-04-18 18:28:22 status installed python-setuptools 0.6.10-4ubuntu1
2011-04-18 18:28:22 status triggers-pending python-central 0.6.15ubuntu1
2011-04-18 18:28:22 status triggers-awaited python-setuptools 0.6.10-4ubuntu1
2011-04-18 18:28:22 trigproc python-central 0.6.15ubuntu1 0.6.15ubuntu1
2011-04-18 18:28:22 status half-configured python-central 0.6.15ubuntu1
2011-04-18 18:28:22 status installed python-setuptools 0.6.10-4ubuntu1
2011-04-18 18:28:22 status installed python-central 0.6.15ubuntu1
2011-04-18 18:53:32 startup archives unpack
2011-04-18 18:53:32 install unzip <none> 6.0-1build1
2011-04-18 18:53:32 status half-installed unzip 6.0-1build1
2011-04-18 18:53:32 status triggers-pending man-db 2.5.7-2
2011-04-18 18:53:32 status half-installed unzip 6.0-1build1
2011-04-18 18:53:32 status unpacked unzip 6.0-1build1
2011-04-18 18:53:32 status unpacked unzip 6.0-1build1
2011-04-18 18:53:32 trigproc man-db 2.5.7-2 2.5.7-2
2011-04-18 18:53:32 status half-configured man-db 2.5.7-2
2011-04-18 18:53:33 status installed man-db 2.5.7-2
2011-04-18 18:53:34 startup packages configure
2011-04-18 18:53:34 configure unzip 6.0-1build1 6.0-1build1
2011-04-18 18:53:34 status unpacked unzip 6.0-1build1
2011-04-18 18:53:34 status half-configured unzip 6.0-1build1
2011-04-18 18:53:34 status installed unzip 6.0-1build1
2011-04-25 18:20:52 startup archives unpack
2011-04-25 18:20:52 install libaudiofile0 <none> 0.2.6-8ubuntu1
2011-04-25 18:20:52 status half-installed libaudiofile0 0.2.6-8ubuntu1
2011-04-25 18:20:53 status unpacked libaudiofile0 0.2.6-8ubuntu1
2011-04-25 18:20:53 status unpacked libaudiofile0 0.2.6-8ubuntu1
2011-04-25 18:20:54 install esound-common <none> 0.2.41-6ubuntu1
2011-04-25 18:20:54 status half-installed esound-common 0.2.41-6ubuntu1
2011-04-25 18:20:54 status unpacked esound-common 0.2.41-6ubuntu1
2011-04-25 18:20:54 status unpacked esound-common 0.2.41-6ubuntu1
2011-04-25 18:20:54 install libesd0 <none> 0.2.41-6ubuntu1
2011-04-25 18:20:54 status half-installed libesd0 0.2.41-6ubuntu1
2011-04-25 18:20:54 status unpacked libesd0 0.2.41-6ubuntu1
2011-04-25 18:20:54 status unpacked libesd0 0.2.41-6ubuntu1
2011-04-25 18:20:54 install esound-clients <none> 0.2.41-6ubuntu1
2011-04-25 18:20:54 status half-installed esound-clients 0.2.41-6ubuntu1
2011-04-25 18:20:54 status triggers-pending man-db 2.5.7-2
2011-04-25 18:20:54 status half-installed esound-clients 0.2.41-6ubuntu1
2011-04-25 18:20:54 status unpacked esound-clients 0.2.41-6ubuntu1
2011-04-25 18:20:54 status unpacked esound-clients 0.2.41-6ubuntu1
2011-04-25 18:20:54 install fontconfig <none> 2.8.0-2ubuntu1
2011-04-25 18:20:54 status half-installed fontconfig 2.8.0-2ubuntu1
2011-04-25 18:20:55 status half-installed fontconfig 2.8.0-2ubuntu1
2011-04-25 18:20:55 status unpacked fontconfig 2.8.0-2ubuntu1
2011-04-25 18:20:55 status unpacked fontconfig 2.8.0-2ubuntu1
2011-04-25 18:20:55 install gconf2-common <none> 2.28.1-0ubuntu1
2011-04-25 18:20:55 status half-installed gconf2-common 2.28.1-0ubuntu1
2011-04-25 18:20:56 status unpacked gconf2-common 2.28.1-0ubuntu1
2011-04-25 18:20:56 status unpacked gconf2-common 2.28.1-0ubuntu1
2011-04-25 18:20:56 install hicolor-icon-theme <none> 0.11-1
2011-04-25 18:20:56 status half-installed hicolor-icon-theme 0.11-1
2011-04-25 18:20:57 status unpacked hicolor-icon-theme 0.11-1
2011-04-25 18:20:57 status unpacked hicolor-icon-theme 0.11-1
2011-04-25 18:20:57 install libatk1.0-0 <none> 1.30.0-0ubuntu2.1
2011-04-25 18:20:57 status half-installed libatk1.0-0 1.30.0-0ubuntu2.1
2011-04-25 18:20:57 status unpacked libatk1.0-0 1.30.0-0ubuntu2.1
2011-04-25 18:20:57 status unpacked libatk1.0-0 1.30.0-0ubuntu2.1
2011-04-25 18:20:57 install libatk1.0-data <none> 1.30.0-0ubuntu2.1
2011-04-25 18:20:57 status half-installed libatk1.0-data 1.30.0-0ubuntu2.1
2011-04-25 18:20:57 status unpacked libatk1.0-data 1.30.0-0ubuntu2.1
2011-04-25 18:20:57 status unpacked libatk1.0-data 1.30.0-0ubuntu2.1
2011-04-25 18:20:57 install libpixman-1-0 <none> 0.16.4-1ubuntu2
2011-04-25 18:20:57 status half-installed libpixman-1-0 0.16.4-1ubuntu2
2011-04-25 18:20:57 status unpacked libpixman-1-0 0.16.4-1ubuntu2
2011-04-25 18:20:57 status unpacked libpixman-1-0 0.16.4-1ubuntu2
2011-04-25 18:20:57 install libxcb-render0 <none> 1.5-2
2011-04-25 18:20:57 status half-installed libxcb-render0 1.5-2
2011-04-25 18:20:58 status unpacked libxcb-render0 1.5-2
2011-04-25 18:20:58 status unpacked libxcb-render0 1.5-2
2011-04-25 18:20:58 install libxcb-render-util0 <none> 0.3.6-1build1
2011-04-25 18:20:58 status half-installed libxcb-render-util0 0.3.6-1build1
2011-04-25 18:20:59 status unpacked libxcb-render-util0 0.3.6-1build1
2011-04-25 18:20:59 status unpacked libxcb-render-util0 0.3.6-1build1
2011-04-25 18:20:59 install libxrender1 <none> 1:0.9.5-1
2011-04-25 18:20:59 status half-installed libxrender1 1:0.9.5-1
2011-04-25 18:20:59 status unpacked libxrender1 1:0.9.5-1
2011-04-25 18:20:59 status unpacked libxrender1 1:0.9.5-1
2011-04-25 18:20:59 install libcairo2 <none> 1.8.10-2ubuntu1
2011-04-25 18:20:59 status half-installed libcairo2 1.8.10-2ubuntu1
2011-04-25 18:21:00 status unpacked libcairo2 1.8.10-2ubuntu1
2011-04-25 18:21:00 status unpacked libcairo2 1.8.10-2ubuntu1
2011-04-25 18:21:00 install libdatrie1 <none> 0.2.2-3
2011-04-25 18:21:00 status half-installed libdatrie1 0.2.2-3
2011-04-25 18:21:00 status unpacked libdatrie1 0.2.2-3
2011-04-25 18:21:00 status unpacked libdatrie1 0.2.2-3
2011-04-25 18:21:00 install libidl0 <none> 0.8.13-1
2011-04-25 18:21:00 status half-installed libidl0 0.8.13-1
2011-04-25 18:21:00 status unpacked libidl0 0.8.13-1
2011-04-25 18:21:00 status unpacked libidl0 0.8.13-1
2011-04-25 18:21:00 install liborbit2 <none> 1:2.14.18-0.1
2011-04-25 18:21:00 status half-installed liborbit2 1:2.14.18-0.1
2011-04-25 18:21:00 status unpacked liborbit2 1:2.14.18-0.1
2011-04-25 18:21:00 status unpacked liborbit2 1:2.14.18-0.1
2011-04-25 18:21:00 install libgconf2-4 <none> 2.28.1-0ubuntu1
2011-04-25 18:21:00 status half-installed libgconf2-4 2.28.1-0ubuntu1
2011-04-25 18:21:01 status unpacked libgconf2-4 2.28.1-0ubuntu1
2011-04-25 18:21:01 status unpacked libgconf2-4 2.28.1-0ubuntu1
2011-04-25 18:21:01 install libxfixes3 <none> 1:4.0.4-1
2011-04-25 18:21:01 status half-installed libxfixes3 1:4.0.4-1
2011-04-25 18:21:01 status unpacked libxfixes3 1:4.0.4-1
2011-04-25 18:21:01 status unpacked libxfixes3 1:4.0.4-1
2011-04-25 18:21:01 install libxdamage1 <none> 1:1.1.2-1
2011-04-25 18:21:01 status half-installed libxdamage1 1:1.1.2-1
2011-04-25 18:21:01 status unpacked libxdamage1 1:1.1.2-1
2011-04-25 18:21:01 status unpacked libxdamage1 1:1.1.2-1
2011-04-25 18:21:01 install libxxf86vm1 <none> 1:1.1.0-2
2011-04-25 18:21:01 status half-installed libxxf86vm1 1:1.1.0-2
2011-04-25 18:21:02 status unpacked libxxf86vm1 1:1.1.0-2
2011-04-25 18:21:02 status unpacked libxxf86vm1 1:1.1.0-2
2011-04-25 18:21:02 install libgl1-mesa-glx <none> 7.7.1-1ubuntu3
2011-04-25 18:21:02 status half-installed libgl1-mesa-glx 7.7.1-1ubuntu3
2011-04-25 18:21:02 status unpacked libgl1-mesa-glx 7.7.1-1ubuntu3
2011-04-25 18:21:02 status unpacked libgl1-mesa-glx 7.7.1-1ubuntu3
2011-04-25 18:21:02 install libgstreamer0.10-0 <none> 0.10.28-1
2011-04-25 18:21:02 status half-installed libgstreamer0.10-0 0.10.28-1
2011-04-25 18:21:03 status unpacked libgstreamer0.10-0 0.10.28-1
2011-04-25 18:21:03 status unpacked libgstreamer0.10-0 0.10.28-1
2011-04-25 18:21:03 install libgstreamer-plugins-base0.10-0 <none> 0.10.28-1
2011-04-25 18:21:03 status half-installed libgstreamer-plugins-base0.10-0 0.10.28-1
2011-04-25 18:21:03 status unpacked libgstreamer-plugins-base0.10-0 0.10.28-1
2011-04-25 18:21:03 status unpacked libgstreamer-plugins-base0.10-0 0.10.28-1
2011-04-25 18:21:03 install libgtk2.0-common <none> 2.20.1-0ubuntu2
2011-04-25 18:21:03 status half-installed libgtk2.0-common 2.20.1-0ubuntu2
2011-04-25 18:21:04 status unpacked libgtk2.0-common 2.20.1-0ubuntu2
2011-04-25 18:21:04 status unpacked libgtk2.0-common 2.20.1-0ubuntu2
2011-04-25 18:21:04 install libjasper1 <none> 1.900.1-7
2011-04-25 18:21:04 status half-installed libjasper1 1.900.1-7
2011-04-25 18:21:04 status unpacked libjasper1 1.900.1-7
2011-04-25 18:21:04 status unpacked libjasper1 1.900.1-7
2011-04-25 18:21:04 install libpango1.0-common <none> 1.28.0-0ubuntu2.2
2011-04-25 18:21:04 status half-installed libpango1.0-common 1.28.0-0ubuntu2.2
2011-04-25 18:21:04 status half-installed libpango1.0-common 1.28.0-0ubuntu2.2
2011-04-25 18:21:04 status unpacked libpango1.0-common 1.28.0-0ubuntu2.2
2011-04-25 18:21:04 status unpacked libpango1.0-common 1.28.0-0ubuntu2.2
2011-04-25 18:21:04 install libthai-data <none> 0.1.13-1build1
2011-04-25 18:21:04 status half-installed libthai-data 0.1.13-1build1
2011-04-25 18:21:05 status unpacked libthai-data 0.1.13-1build1
2011-04-25 18:21:05 status unpacked libthai-data 0.1.13-1build1
2011-04-25 18:21:05 install libthai0 <none> 0.1.13-1build1
2011-04-25 18:21:05 status half-installed libthai0 0.1.13-1build1
2011-04-25 18:21:05 status unpacked libthai0 0.1.13-1build1
2011-04-25 18:21:05 status unpacked libthai0 0.1.13-1build1
2011-04-25 18:21:05 install libxft2 <none> 2.1.14-1ubuntu1
2011-04-25 18:21:05 status half-installed libxft2 2.1.14-1ubuntu1
2011-04-25 18:21:05 status unpacked libxft2 2.1.14-1ubuntu1
2011-04-25 18:21:05 status unpacked libxft2 2.1.14-1ubuntu1
2011-04-25 18:21:05 install libpango1.0-0 <none> 1.28.0-0ubuntu2.2
2011-04-25 18:21:05 status half-installed libpango1.0-0 1.28.0-0ubuntu2.2
2011-04-25 18:21:05 status unpacked libpango1.0-0 1.28.0-0ubuntu2.2
2011-04-25 18:21:05 status unpacked libpango1.0-0 1.28.0-0ubuntu2.2
2011-04-25 18:21:05 install libxcomposite1 <none> 1:0.4.1-1
2011-04-25 18:21:05 status half-installed libxcomposite1 1:0.4.1-1
2011-04-25 18:21:06 status unpacked libxcomposite1 1:0.4.1-1
2011-04-25 18:21:06 status unpacked libxcomposite1 1:0.4.1-1
2011-04-25 18:21:06 install libxcursor1 <none> 1:1.1.10-1
2011-04-25 18:21:06 status half-installed libxcursor1 1:1.1.10-1
2011-04-25 18:21:06 status unpacked libxcursor1 1:1.1.10-1
2011-04-25 18:21:06 status unpacked libxcursor1 1:1.1.10-1
2011-04-25 18:21:06 install libxinerama1 <none> 2:1.1-2
2011-04-25 18:21:06 status half-installed libxinerama1 2:1.1-2
2011-04-25 18:21:06 status unpacked libxinerama1 2:1.1-2
2011-04-25 18:21:06 status unpacked libxinerama1 2:1.1-2
2011-04-25 18:21:06 install libxrandr2 <none> 2:1.3.0-3
2011-04-25 18:21:06 status half-installed libxrandr2 2:1.3.0-3
2011-04-25 18:21:06 status unpacked libxrandr2 2:1.3.0-3
2011-04-25 18:21:06 status unpacked libxrandr2 2:1.3.0-3
2011-04-25 18:21:06 install shared-mime-info <none> 0.71-1ubuntu2
2011-04-25 18:21:06 status half-installed shared-mime-info 0.71-1ubuntu2
2011-04-25 18:21:06 status half-installed shared-mime-info 0.71-1ubuntu2
2011-04-25 18:21:07 status unpacked shared-mime-info 0.71-1ubuntu2
2011-04-25 18:21:07 status unpacked shared-mime-info 0.71-1ubuntu2
2011-04-25 18:21:07 install libgtk2.0-0 <none> 2.20.1-0ubuntu2
2011-04-25 18:21:07 status half-installed libgtk2.0-0 2.20.1-0ubuntu2
2011-04-25 18:21:08 status unpacked libgtk2.0-0 2.20.1-0ubuntu2
2011-04-25 18:21:08 status unpacked libgtk2.0-0 2.20.1-0ubuntu2
2011-04-25 18:21:08 install libgtk2.0-bin <none> 2.20.1-0ubuntu2
2011-04-25 18:21:08 status half-installed libgtk2.0-bin 2.20.1-0ubuntu2
2011-04-25 18:21:08 status half-installed libgtk2.0-bin 2.20.1-0ubuntu2
2011-04-25 18:21:09 status unpacked libgtk2.0-bin 2.20.1-0ubuntu2
2011-04-25 18:21:09 status unpacked libgtk2.0-bin 2.20.1-0ubuntu2
2011-04-25 18:21:09 install libice6 <none> 2:1.0.6-1
2011-04-25 18:21:09 status half-installed libice6 2:1.0.6-1
2011-04-25 18:21:09 status unpacked libice6 2:1.0.6-1
2011-04-25 18:21:09 status unpacked libice6 2:1.0.6-1
2011-04-25 18:21:09 install libsm6 <none> 2:1.1.1-1
2011-04-25 18:21:09 status half-installed libsm6 2:1.1.1-1
2011-04-25 18:21:09 status unpacked libsm6 2:1.1.1-1
2011-04-25 18:21:09 status unpacked libsm6 2:1.1.1-1
2011-04-25 18:21:09 install libwxbase2.6-0 <none> 2.6.3.2.2-3ubuntu5.1
2011-04-25 18:21:09 status half-installed libwxbase2.6-0 2.6.3.2.2-3ubuntu5.1
2011-04-25 18:21:10 status unpacked libwxbase2.6-0 2.6.3.2.2-3ubuntu5.1
2011-04-25 18:21:10 status unpacked libwxbase2.6-0 2.6.3.2.2-3ubuntu5.1
2011-04-25 18:21:10 install libwxbase2.8-0 <none> 2.8.10.1-0ubuntu1.2
2011-04-25 18:21:10 status half-installed libwxbase2.8-0 2.8.10.1-0ubuntu1.2
2011-04-25 18:21:10 status unpacked libwxbase2.8-0 2.8.10.1-0ubuntu1.2
2011-04-25 18:21:10 status unpacked libwxbase2.8-0 2.8.10.1-0ubuntu1.2
2011-04-25 18:21:11 install libglu1-mesa <none> 7.7.1-1ubuntu3
2011-04-25 18:21:11 status half-installed libglu1-mesa 7.7.1-1ubuntu3
2011-04-25 18:21:11 status unpacked libglu1-mesa 7.7.1-1ubuntu3
2011-04-25 18:21:11 status unpacked libglu1-mesa 7.7.1-1ubuntu3
2011-04-25 18:21:11 install libwxgtk2.6-0 <none> 2.6.3.2.2-3ubuntu5.1
2011-04-25 18:21:11 status half-installed libwxgtk2.6-0 2.6.3.2.2-3ubuntu5.1
2011-04-25 18:21:12 status unpacked libwxgtk2.6-0 2.6.3.2.2-3ubuntu5.1
2011-04-25 18:21:12 status unpacked libwxgtk2.6-0 2.6.3.2.2-3ubuntu5.1
2011-04-25 18:21:12 install libwxgtk2.8-0 <none> 2.8.10.1-0ubuntu1.2
2011-04-25 18:21:12 status half-installed libwxgtk2.8-0 2.8.10.1-0ubuntu1.2
2011-04-25 18:21:14 status unpacked libwxgtk2.8-0 2.8.10.1-0ubuntu1.2
2011-04-25 18:21:14 status unpacked libwxgtk2.8-0 2.8.10.1-0ubuntu1.2
2011-04-25 18:21:14 install python-wxgtk2.8 <none> 2.8.10.1-0ubuntu1.2
2011-04-25 18:21:14 status half-installed python-wxgtk2.8 2.8.10.1-0ubuntu1.2
2011-04-25 18:21:19 status unpacked python-wxgtk2.8 2.8.10.1-0ubuntu1.2
2011-04-25 18:21:20 status unpacked python-wxgtk2.8 2.8.10.1-0ubuntu1.2
2011-04-25 18:21:20 install python-wxversion <none> 2.8.10.1-0ubuntu1.2
2011-04-25 18:21:20 status half-installed python-wxversion 2.8.10.1-0ubuntu1.2
2011-04-25 18:21:20 status unpacked python-wxversion 2.8.10.1-0ubuntu1.2
2011-04-25 18:21:20 status unpacked python-wxversion 2.8.10.1-0ubuntu1.2
2011-04-25 18:21:20 install python-wxgtk2.6 <none> 2.6.3.2.2-3ubuntu5.1
2011-04-25 18:21:20 status half-installed python-wxgtk2.6 2.6.3.2.2-3ubuntu5.1
2011-04-25 18:21:23 status unpacked python-wxgtk2.6 2.6.3.2.2-3ubuntu5.1
2011-04-25 18:21:23 status unpacked python-wxgtk2.6 2.6.3.2.2-3ubuntu5.1
2011-04-25 18:21:23 install python-wxtools <none> 2.8.10.1-0ubuntu1.2
2011-04-25 18:21:23 status half-installed python-wxtools 2.8.10.1-0ubuntu1.2
2011-04-25 18:21:23 status half-installed python-wxtools 2.8.10.1-0ubuntu1.2
2011-04-25 18:21:23 status unpacked python-wxtools 2.8.10.1-0ubuntu1.2
2011-04-25 18:21:23 status unpacked python-wxtools 2.8.10.1-0ubuntu1.2
2011-04-25 18:21:23 install libgl1-mesa-dri <none> 7.7.1-1ubuntu3
2011-04-25 18:21:23 status half-installed libgl1-mesa-dri 7.7.1-1ubuntu3
2011-04-25 18:21:27 status unpacked libgl1-mesa-dri 7.7.1-1ubuntu3
2011-04-25 18:21:27 status unpacked libgl1-mesa-dri 7.7.1-1ubuntu3
2011-04-25 18:21:27 trigproc man-db 2.5.7-2 2.5.7-2
2011-04-25 18:21:27 status half-configured man-db 2.5.7-2
2011-04-25 18:21:28 status installed man-db 2.5.7-2
2011-04-25 18:21:29 startup packages configure
2011-04-25 18:21:29 configure libaudiofile0 0.2.6-8ubuntu1 0.2.6-8ubuntu1
2011-04-25 18:21:29 status unpacked libaudiofile0 0.2.6-8ubuntu1
2011-04-25 18:21:29 status half-configured libaudiofile0 0.2.6-8ubuntu1
2011-04-25 18:21:29 status installed libaudiofile0 0.2.6-8ubuntu1
2011-04-25 18:21:29 status triggers-pending libc-bin 2.11.1-0ubuntu7.2
2011-04-25 18:21:29 configure esound-common 0.2.41-6ubuntu1 0.2.41-6ubuntu1
2011-04-25 18:21:29 status unpacked esound-common 0.2.41-6ubuntu1
2011-04-25 18:21:29 status unpacked esound-common 0.2.41-6ubuntu1
2011-04-25 18:21:29 status half-configured esound-common 0.2.41-6ubuntu1
2011-04-25 18:21:29 status installed esound-common 0.2.41-6ubuntu1
2011-04-25 18:21:29 configure libesd0 0.2.41-6ubuntu1 0.2.41-6ubuntu1
2011-04-25 18:21:29 status unpacked libesd0 0.2.41-6ubuntu1
2011-04-25 18:21:29 status half-configured libesd0 0.2.41-6ubuntu1
2011-04-25 18:21:29 status installed libesd0 0.2.41-6ubuntu1
2011-04-25 18:21:29 configure esound-clients 0.2.41-6ubuntu1 0.2.41-6ubuntu1
2011-04-25 18:21:29 status unpacked esound-clients 0.2.41-6ubuntu1
2011-04-25 18:21:29 status half-configured esound-clients 0.2.41-6ubuntu1
2011-04-25 18:21:29 status installed esound-clients 0.2.41-6ubuntu1
2011-04-25 18:21:29 configure fontconfig 2.8.0-2ubuntu1 2.8.0-2ubuntu1
2011-04-25 18:21:29 status unpacked fontconfig 2.8.0-2ubuntu1
2011-04-25 18:21:29 status half-configured fontconfig 2.8.0-2ubuntu1
2011-04-25 18:21:44 status installed fontconfig 2.8.0-2ubuntu1
2011-04-25 18:21:44 configure gconf2-common 2.28.1-0ubuntu1 2.28.1-0ubuntu1
2011-04-25 18:21:44 status unpacked gconf2-common 2.28.1-0ubuntu1
2011-04-25 18:21:44 status unpacked gconf2-common 2.28.1-0ubuntu1
2011-04-25 18:21:44 status unpacked gconf2-common 2.28.1-0ubuntu1
2011-04-25 18:21:44 status half-configured gconf2-common 2.28.1-0ubuntu1
2011-04-25 18:21:45 status installed gconf2-common 2.28.1-0ubuntu1
2011-04-25 18:21:45 configure hicolor-icon-theme 0.11-1 0.11-1
2011-04-25 18:21:45 status unpacked hicolor-icon-theme 0.11-1
2011-04-25 18:21:45 status half-configured hicolor-icon-theme 0.11-1
2011-04-25 18:21:45 status installed hicolor-icon-theme 0.11-1
2011-04-25 18:21:45 configure libatk1.0-0 1.30.0-0ubuntu2.1 1.30.0-0ubuntu2.1
2011-04-25 18:21:45 status unpacked libatk1.0-0 1.30.0-0ubuntu2.1
2011-04-25 18:21:45 status half-configured libatk1.0-0 1.30.0-0ubuntu2.1
2011-04-25 18:21:45 status installed libatk1.0-0 1.30.0-0ubuntu2.1
2011-04-25 18:21:45 configure libatk1.0-data 1.30.0-0ubuntu2.1 1.30.0-0ubuntu2.1
2011-04-25 18:21:45 status unpacked libatk1.0-data 1.30.0-0ubuntu2.1
2011-04-25 18:21:45 status half-configured libatk1.0-data 1.30.0-0ubuntu2.1
2011-04-25 18:21:45 status installed libatk1.0-data 1.30.0-0ubuntu2.1
2011-04-25 18:21:45 configure libpixman-1-0 0.16.4-1ubuntu2 0.16.4-1ubuntu2
2011-04-25 18:21:45 status unpacked libpixman-1-0 0.16.4-1ubuntu2
2011-04-25 18:21:45 status half-configured libpixman-1-0 0.16.4-1ubuntu2
2011-04-25 18:21:45 status installed libpixman-1-0 0.16.4-1ubuntu2
2011-04-25 18:21:45 configure libxcb-render0 1.5-2 1.5-2
2011-04-25 18:21:45 status unpacked libxcb-render0 1.5-2
2011-04-25 18:21:45 status half-configured libxcb-render0 1.5-2
2011-04-25 18:21:45 status installed libxcb-render0 1.5-2
2011-04-25 18:21:45 configure libxcb-render-util0 0.3.6-1build1 0.3.6-1build1
2011-04-25 18:21:45 status unpacked libxcb-render-util0 0.3.6-1build1
2011-04-25 18:21:45 status half-configured libxcb-render-util0 0.3.6-1build1
2011-04-25 18:21:45 status installed libxcb-render-util0 0.3.6-1build1
2011-04-25 18:21:45 configure libxrender1 1:0.9.5-1 1:0.9.5-1
2011-04-25 18:21:45 status unpacked libxrender1 1:0.9.5-1
2011-04-25 18:21:45 status half-configured libxrender1 1:0.9.5-1
2011-04-25 18:21:45 status installed libxrender1 1:0.9.5-1
2011-04-25 18:21:45 configure libcairo2 1.8.10-2ubuntu1 1.8.10-2ubuntu1
2011-04-25 18:21:45 status unpacked libcairo2 1.8.10-2ubuntu1
2011-04-25 18:21:45 status half-configured libcairo2 1.8.10-2ubuntu1
2011-04-25 18:21:45 status installed libcairo2 1.8.10-2ubuntu1
2011-04-25 18:21:45 configure libdatrie1 0.2.2-3 0.2.2-3
2011-04-25 18:21:45 status unpacked libdatrie1 0.2.2-3
2011-04-25 18:21:45 status half-configured libdatrie1 0.2.2-3
2011-04-25 18:21:45 status installed libdatrie1 0.2.2-3
2011-04-25 18:21:45 configure libidl0 0.8.13-1 0.8.13-1
2011-04-25 18:21:45 status unpacked libidl0 0.8.13-1
2011-04-25 18:21:45 status half-configured libidl0 0.8.13-1
2011-04-25 18:21:45 status installed libidl0 0.8.13-1
2011-04-25 18:21:45 configure liborbit2 1:2.14.18-0.1 1:2.14.18-0.1
2011-04-25 18:21:45 status unpacked liborbit2 1:2.14.18-0.1
2011-04-25 18:21:46 status half-configured liborbit2 1:2.14.18-0.1
2011-04-25 18:21:46 status installed liborbit2 1:2.14.18-0.1
2011-04-25 18:21:46 configure libgconf2-4 2.28.1-0ubuntu1 2.28.1-0ubuntu1
2011-04-25 18:21:46 status unpacked libgconf2-4 2.28.1-0ubuntu1
2011-04-25 18:21:46 status half-configured libgconf2-4 2.28.1-0ubuntu1
2011-04-25 18:21:46 status installed libgconf2-4 2.28.1-0ubuntu1
2011-04-25 18:21:46 configure libxfixes3 1:4.0.4-1 1:4.0.4-1
2011-04-25 18:21:46 status unpacked libxfixes3 1:4.0.4-1
2011-04-25 18:21:46 status half-configured libxfixes3 1:4.0.4-1
2011-04-25 18:21:46 status installed libxfixes3 1:4.0.4-1
2011-04-25 18:21:46 configure libxdamage1 1:1.1.2-1 1:1.1.2-1
2011-04-25 18:21:46 status unpacked libxdamage1 1:1.1.2-1
2011-04-25 18:21:46 status half-configured libxdamage1 1:1.1.2-1
2011-04-25 18:21:46 status installed libxdamage1 1:1.1.2-1
2011-04-25 18:21:46 configure libxxf86vm1 1:1.1.0-2 1:1.1.0-2
2011-04-25 18:21:46 status unpacked libxxf86vm1 1:1.1.0-2
2011-04-25 18:21:46 status half-configured libxxf86vm1 1:1.1.0-2
2011-04-25 18:21:46 status installed libxxf86vm1 1:1.1.0-2
2011-04-25 18:21:46 configure libgl1-mesa-glx 7.7.1-1ubuntu3 7.7.1-1ubuntu3
2011-04-25 18:21:46 status unpacked libgl1-mesa-glx 7.7.1-1ubuntu3
2011-04-25 18:21:46 status half-configured libgl1-mesa-glx 7.7.1-1ubuntu3
2011-04-25 18:21:46 update-alternatives: run with --force --install /etc/ld.so.conf.d/GL.conf gl_conf /usr/lib/mesa/ld.so.conf 500 --slave /usr/lib/xorg/extra-modules xorg_extra_modules /usr/lib/xorg/x11-extra-modules
2011-04-25 18:21:46 update-alternatives: link group gl_conf updated to point to /usr/lib/mesa/ld.so.conf
2011-04-25 18:21:46 status installed libgl1-mesa-glx 7.7.1-1ubuntu3
2011-04-25 18:21:46 configure libgstreamer0.10-0 0.10.28-1 0.10.28-1
2011-04-25 18:21:46 status unpacked libgstreamer0.10-0 0.10.28-1
2011-04-25 18:21:46 status half-configured libgstreamer0.10-0 0.10.28-1
2011-04-25 18:21:46 status installed libgstreamer0.10-0 0.10.28-1
2011-04-25 18:21:46 configure libgstreamer-plugins-base0.10-0 0.10.28-1 0.10.28-1
2011-04-25 18:21:46 status unpacked libgstreamer-plugins-base0.10-0 0.10.28-1
2011-04-25 18:21:46 status half-configured libgstreamer-plugins-base0.10-0 0.10.28-1
2011-04-25 18:21:46 status installed libgstreamer-plugins-base0.10-0 0.10.28-1
2011-04-25 18:21:46 configure libgtk2.0-common 2.20.1-0ubuntu2 2.20.1-0ubuntu2
2011-04-25 18:21:46 status unpacked libgtk2.0-common 2.20.1-0ubuntu2
2011-04-25 18:21:46 status half-configured libgtk2.0-common 2.20.1-0ubuntu2
2011-04-25 18:21:46 status installed libgtk2.0-common 2.20.1-0ubuntu2
2011-04-25 18:21:46 configure libjasper1 1.900.1-7 1.900.1-7
2011-04-25 18:21:46 status unpacked libjasper1 1.900.1-7
2011-04-25 18:21:46 status half-configured libjasper1 1.900.1-7
2011-04-25 18:21:46 status installed libjasper1 1.900.1-7
2011-04-25 18:21:46 configure libpango1.0-common 1.28.0-0ubuntu2.2 1.28.0-0ubuntu2.2
2011-04-25 18:21:46 status unpacked libpango1.0-common 1.28.0-0ubuntu2.2
2011-04-25 18:21:46 status unpacked libpango1.0-common 1.28.0-0ubuntu2.2
2011-04-25 18:21:46 status half-configured libpango1.0-common 1.28.0-0ubuntu2.2
2011-04-25 18:21:47 status installed libpango1.0-common 1.28.0-0ubuntu2.2
2011-04-25 18:21:47 configure libthai-data 0.1.13-1build1 0.1.13-1build1
2011-04-25 18:21:47 status unpacked libthai-data 0.1.13-1build1
2011-04-25 18:21:47 status half-configured libthai-data 0.1.13-1build1
2011-04-25 18:21:47 status installed libthai-data 0.1.13-1build1
2011-04-25 18:21:47 configure libthai0 0.1.13-1build1 0.1.13-1build1
2011-04-25 18:21:47 status unpacked libthai0 0.1.13-1build1
2011-04-25 18:21:47 status half-configured libthai0 0.1.13-1build1
2011-04-25 18:21:47 status installed libthai0 0.1.13-1build1
2011-04-25 18:21:47 configure libxft2 2.1.14-1ubuntu1 2.1.14-1ubuntu1
2011-04-25 18:21:47 status unpacked libxft2 2.1.14-1ubuntu1
2011-04-25 18:21:47 status half-configured libxft2 2.1.14-1ubuntu1
2011-04-25 18:21:47 status installed libxft2 2.1.14-1ubuntu1
2011-04-25 18:21:47 configure libpango1.0-0 1.28.0-0ubuntu2.2 1.28.0-0ubuntu2.2
2011-04-25 18:21:47 status unpacked libpango1.0-0 1.28.0-0ubuntu2.2
2011-04-25 18:21:47 status half-configured libpango1.0-0 1.28.0-0ubuntu2.2
2011-04-25 18:21:47 status installed libpango1.0-0 1.28.0-0ubuntu2.2
2011-04-25 18:21:47 configure libxcomposite1 1:0.4.1-1 1:0.4.1-1
2011-04-25 18:21:47 status unpacked libxcomposite1 1:0.4.1-1
2011-04-25 18:21:47 status half-configured libxcomposite1 1:0.4.1-1
2011-04-25 18:21:47 status installed libxcomposite1 1:0.4.1-1
2011-04-25 18:21:47 configure libxcursor1 1:1.1.10-1 1:1.1.10-1
2011-04-25 18:21:47 status unpacked libxcursor1 1:1.1.10-1
2011-04-25 18:21:47 status half-configured libxcursor1 1:1.1.10-1
2011-04-25 18:21:47 status installed libxcursor1 1:1.1.10-1
2011-04-25 18:21:47 configure libxinerama1 2:1.1-2 2:1.1-2
2011-04-25 18:21:47 status unpacked libxinerama1 2:1.1-2
2011-04-25 18:21:47 status half-configured libxinerama1 2:1.1-2
2011-04-25 18:21:47 status installed libxinerama1 2:1.1-2
2011-04-25 18:21:47 configure libxrandr2 2:1.3.0-3 2:1.3.0-3
2011-04-25 18:21:47 status unpacked libxrandr2 2:1.3.0-3
2011-04-25 18:21:47 status half-configured libxrandr2 2:1.3.0-3
2011-04-25 18:21:48 status installed libxrandr2 2:1.3.0-3
2011-04-25 18:21:48 configure shared-mime-info 0.71-1ubuntu2 0.71-1ubuntu2
2011-04-25 18:21:48 status unpacked shared-mime-info 0.71-1ubuntu2
2011-04-25 18:21:48 status half-configured shared-mime-info 0.71-1ubuntu2
2011-04-25 18:21:49 status installed shared-mime-info 0.71-1ubuntu2
2011-04-25 18:21:49 configure libgtk2.0-0 2.20.1-0ubuntu2 2.20.1-0ubuntu2
2011-04-25 18:21:49 status unpacked libgtk2.0-0 2.20.1-0ubuntu2
2011-04-25 18:21:49 status unpacked libgtk2.0-0 2.20.1-0ubuntu2
2011-04-25 18:21:49 status half-configured libgtk2.0-0 2.20.1-0ubuntu2
2011-04-25 18:21:49 status installed libgtk2.0-0 2.20.1-0ubuntu2
2011-04-25 18:21:49 configure libgtk2.0-bin 2.20.1-0ubuntu2 2.20.1-0ubuntu2
2011-04-25 18:21:49 status unpacked libgtk2.0-bin 2.20.1-0ubuntu2
2011-04-25 18:21:49 status half-configured libgtk2.0-bin 2.20.1-0ubuntu2
2011-04-25 18:21:49 status installed libgtk2.0-bin 2.20.1-0ubuntu2
2011-04-25 18:21:49 configure libice6 2:1.0.6-1 2:1.0.6-1
2011-04-25 18:21:49 status unpacked libice6 2:1.0.6-1
2011-04-25 18:21:49 status half-configured libice6 2:1.0.6-1
2011-04-25 18:21:49 status installed libice6 2:1.0.6-1
2011-04-25 18:21:49 configure libsm6 2:1.1.1-1 2:1.1.1-1
2011-04-25 18:21:49 status unpacked libsm6 2:1.1.1-1
2011-04-25 18:21:49 status half-configured libsm6 2:1.1.1-1
2011-04-25 18:21:49 status installed libsm6 2:1.1.1-1
2011-04-25 18:21:49 configure libwxbase2.6-0 2.6.3.2.2-3ubuntu5.1 2.6.3.2.2-3ubuntu5.1
2011-04-25 18:21:49 status unpacked libwxbase2.6-0 2.6.3.2.2-3ubuntu5.1
2011-04-25 18:21:49 status half-configured libwxbase2.6-0 2.6.3.2.2-3ubuntu5.1
2011-04-25 18:21:49 status installed libwxbase2.6-0 2.6.3.2.2-3ubuntu5.1
2011-04-25 18:21:49 configure libwxbase2.8-0 2.8.10.1-0ubuntu1.2 2.8.10.1-0ubuntu1.2
2011-04-25 18:21:49 status unpacked libwxbase2.8-0 2.8.10.1-0ubuntu1.2
2011-04-25 18:21:49 status half-configured libwxbase2.8-0 2.8.10.1-0ubuntu1.2
2011-04-25 18:21:49 status installed libwxbase2.8-0 2.8.10.1-0ubuntu1.2
2011-04-25 18:21:49 configure libglu1-mesa 7.7.1-1ubuntu3 7.7.1-1ubuntu3
2011-04-25 18:21:49 status unpacked libglu1-mesa 7.7.1-1ubuntu3
2011-04-25 18:21:49 status half-configured libglu1-mesa 7.7.1-1ubuntu3
2011-04-25 18:21:49 status installed libglu1-mesa 7.7.1-1ubuntu3
2011-04-25 18:21:49 configure libwxgtk2.6-0 2.6.3.2.2-3ubuntu5.1 2.6.3.2.2-3ubuntu5.1
2011-04-25 18:21:49 status unpacked libwxgtk2.6-0 2.6.3.2.2-3ubuntu5.1
2011-04-25 18:21:49 status half-configured libwxgtk2.6-0 2.6.3.2.2-3ubuntu5.1
2011-04-25 18:21:49 status installed libwxgtk2.6-0 2.6.3.2.2-3ubuntu5.1
2011-04-25 18:21:49 configure libwxgtk2.8-0 2.8.10.1-0ubuntu1.2 2.8.10.1-0ubuntu1.2
2011-04-25 18:21:49 status unpacked libwxgtk2.8-0 2.8.10.1-0ubuntu1.2
2011-04-25 18:21:49 status half-configured libwxgtk2.8-0 2.8.10.1-0ubuntu1.2
2011-04-25 18:21:49 status installed libwxgtk2.8-0 2.8.10.1-0ubuntu1.2
2011-04-25 18:21:49 configure libgl1-mesa-dri 7.7.1-1ubuntu3 7.7.1-1ubuntu3
2011-04-25 18:21:49 status unpacked libgl1-mesa-dri 7.7.1-1ubuntu3
2011-04-25 18:21:49 status half-configured libgl1-mesa-dri 7.7.1-1ubuntu3
2011-04-25 18:21:49 status installed libgl1-mesa-dri 7.7.1-1ubuntu3
2011-04-25 18:21:49 configure python-wxgtk2.8 2.8.10.1-0ubuntu1.2 2.8.10.1-0ubuntu1.2
2011-04-25 18:21:49 status unpacked python-wxgtk2.8 2.8.10.1-0ubuntu1.2
2011-04-25 18:21:49 status half-configured python-wxgtk2.8 2.8.10.1-0ubuntu1.2
2011-04-25 18:21:49 update-alternatives: run with --install /usr/lib/python2.6/dist-packages/wx.pth wx2.6.pth /usr/lib/wx/python/wx2.8.pth 28
2011-04-25 18:21:49 update-alternatives: link group wx2.6.pth updated to point to /usr/lib/wx/python/wx2.8.pth
2011-04-25 18:21:56 status installed python-wxgtk2.8 2.8.10.1-0ubuntu1.2
2011-04-25 18:21:56 status triggers-pending python-central 0.6.15ubuntu1
2011-04-25 18:21:56 status triggers-awaited python-wxgtk2.8 2.8.10.1-0ubuntu1.2
2011-04-25 18:21:56 configure python-wxversion 2.8.10.1-0ubuntu1.2 2.8.10.1-0ubuntu1.2
2011-04-25 18:21:56 status unpacked python-wxversion 2.8.10.1-0ubuntu1.2
2011-04-25 18:21:56 status half-configured python-wxversion 2.8.10.1-0ubuntu1.2
2011-04-25 18:21:56 status installed python-wxversion 2.8.10.1-0ubuntu1.2
2011-04-25 18:21:56 status triggers-awaited python-wxversion 2.8.10.1-0ubuntu1.2
2011-04-25 18:21:56 trigproc python-central 0.6.15ubuntu1 0.6.15ubuntu1
2011-04-25 18:21:56 status half-configured python-central 0.6.15ubuntu1
2011-04-25 18:21:56 status installed python-wxversion 2.8.10.1-0ubuntu1.2
2011-04-25 18:21:56 status installed python-wxgtk2.8 2.8.10.1-0ubuntu1.2
2011-04-25 18:21:57 status installed python-central 0.6.15ubuntu1
2011-04-25 18:21:57 configure python-wxtools 2.8.10.1-0ubuntu1.2 2.8.10.1-0ubuntu1.2
2011-04-25 18:21:57 status unpacked python-wxtools 2.8.10.1-0ubuntu1.2
2011-04-25 18:21:57 status half-configured python-wxtools 2.8.10.1-0ubuntu1.2
2011-04-25 18:21:57 status installed python-wxtools 2.8.10.1-0ubuntu1.2
2011-04-25 18:21:57 configure python-wxgtk2.6 2.6.3.2.2-3ubuntu5.1 2.6.3.2.2-3ubuntu5.1
2011-04-25 18:21:57 status unpacked python-wxgtk2.6 2.6.3.2.2-3ubuntu5.1
2011-04-25 18:21:57 status half-configured python-wxgtk2.6 2.6.3.2.2-3ubuntu5.1
2011-04-25 18:21:57 update-alternatives: run with --install /usr/lib/python2.6/dist-packages/wx.pth wx2.6.pth /usr/lib/wx/python/wx2.6.pth 26
2011-04-25 18:22:01 status installed python-wxgtk2.6 2.6.3.2.2-3ubuntu5.1
2011-04-25 18:22:01 status triggers-pending python-central 0.6.15ubuntu1
2011-04-25 18:22:01 status triggers-awaited python-wxgtk2.6 2.6.3.2.2-3ubuntu5.1
2011-04-25 18:22:01 trigproc libc-bin 2.11.1-0ubuntu7.2 2.11.1-0ubuntu7.2
2011-04-25 18:22:01 status half-configured libc-bin 2.11.1-0ubuntu7.2
2011-04-25 18:22:01 status installed libc-bin 2.11.1-0ubuntu7.2
2011-04-25 18:22:01 trigproc python-central 0.6.15ubuntu1 0.6.15ubuntu1
2011-04-25 18:22:01 status half-configured python-central 0.6.15ubuntu1
2011-04-25 18:22:01 status installed python-wxgtk2.6 2.6.3.2.2-3ubuntu5.1
2011-04-25 18:22:01 status installed python-central 0.6.15ubuntu1
2011-04-25 18:31:30 startup packages remove
2011-04-25 18:31:30 status installed python-setuptools 0.6.10-4ubuntu1
2011-04-25 18:31:30 remove python-setuptools 0.6.10-4ubuntu1 0.6.10-4ubuntu1
2011-04-25 18:31:30 status half-configured python-setuptools 0.6.10-4ubuntu1
2011-04-25 18:31:30 status half-installed python-setuptools 0.6.10-4ubuntu1
2011-04-25 18:31:30 status config-files python-setuptools 0.6.10-4ubuntu1
2011-04-25 18:31:30 status config-files python-setuptools 0.6.10-4ubuntu1
2011-04-25 18:31:30 status config-files python-setuptools 0.6.10-4ubuntu1
2011-04-25 18:31:30 status not-installed python-setuptools <none>
2011-04-25 18:31:41 startup archives unpack
2011-04-25 18:31:41 install python-setuptools <none> 0.6.10-4ubuntu1
2011-04-25 18:31:41 status half-installed python-setuptools 0.6.10-4ubuntu1
2011-04-25 18:31:43 status unpacked python-setuptools 0.6.10-4ubuntu1
2011-04-25 18:31:43 status unpacked python-setuptools 0.6.10-4ubuntu1
2011-04-25 18:31:44 startup packages configure
2011-04-25 18:31:44 configure python-setuptools 0.6.10-4ubuntu1 0.6.10-4ubuntu1
2011-04-25 18:31:44 status unpacked python-setuptools 0.6.10-4ubuntu1
2011-04-25 18:31:44 status half-configured python-setuptools 0.6.10-4ubuntu1
2011-04-25 18:31:45 status installed python-setuptools 0.6.10-4ubuntu1
2011-04-25 18:31:45 status triggers-pending python-central 0.6.15ubuntu1
2011-04-25 18:31:45 status triggers-awaited python-setuptools 0.6.10-4ubuntu1
2011-04-25 18:31:45 trigproc python-central 0.6.15ubuntu1 0.6.15ubuntu1
2011-04-25 18:31:45 status half-configured python-central 0.6.15ubuntu1
2011-04-25 18:31:45 status installed python-setuptools 0.6.10-4ubuntu1
2011-04-25 18:31:45 status installed python-central 0.6.15ubuntu1
2011-04-25 18:33:01 startup archives install
2011-04-25 18:33:01 upgrade python-setuptools 0.6.10-4ubuntu1 0.6.14-3ubuntu1
2011-04-25 18:33:01 status half-configured python-setuptools 0.6.10-4ubuntu1
2011-04-25 18:33:01 status unpacked python-setuptools 0.6.10-4ubuntu1
2011-04-25 18:33:01 status half-installed python-setuptools 0.6.10-4ubuntu1
2011-04-25 18:33:01 status half-installed python-setuptools 0.6.10-4ubuntu1
2011-04-25 18:33:01 status unpacked python-setuptools 0.6.14-3ubuntu1
2011-04-25 18:33:01 status unpacked python-setuptools 0.6.14-3ubuntu1
