2011.03.11 08:33:32 [org.jivesoftware.openfire.session.LocalOutgoingServerSession.createOutgoingSession(LocalOutgoingServerSession.java:258)] Error trying to connect to remote server: eu.jabber.org(DNS lookup: eu.jabber.org:5269)
java.net.UnknownHostException: eu.jabber.org
	at java.net.PlainSocketImpl.connect(PlainSocketImpl.java:177)
	at java.net.SocksSocketImpl.connect(SocksSocketImpl.java:366)
	at java.net.Socket.connect(Socket.java:529)
	at org.jivesoftware.openfire.session.LocalOutgoingServerSession.createOutgoingSession(LocalOutgoingServerSession.java:253)
	at org.jivesoftware.openfire.session.LocalOutgoingServerSession.authenticateDomain(LocalOutgoingServerSession.java:185)
	at org.jivesoftware.openfire.server.OutgoingSessionPromise$PacketsProcessor.sendPacket(OutgoingSessionPromise.java:239)
	at org.jivesoftware.openfire.server.OutgoingSessionPromise$PacketsProcessor.run(OutgoingSessionPromise.java:216)
	at java.util.concurrent.ThreadPoolExecutor$Worker.runTask(ThreadPoolExecutor.java:886)
	at java.util.concurrent.ThreadPoolExecutor$Worker.run(ThreadPoolExecutor.java:908)
	at java.lang.Thread.run(Thread.java:662)
2011.03.11 08:45:31 [org.jivesoftware.openfire.nio.ConnectionHandler.messageReceived(ConnectionHandler.java:135)] Closing connection due to error while processing message: <response xmlns='urn:ietf:params:xml:ns:xmpp-sasl'>dXNlcm5hbWU9ImJpbGwiLHJlYWxtPSJkYXRhYmFobi5pbmZvIixub25jZT0id2MyTHRBdlhTVFlBa2F3elBqVFhUQy80T3F2YkM1VXloRm5WN2U5RyIsY25vbmNlPSJqL2FTbjVhV29QN2lxNnVqc2lWaUk5VVRqdmo1RjluTjdsUThjK09aem1VPSIsbmM9MDAwMDAwMDEscW9wPWF1dGgsZGlnZXN0LXVyaT0ieG1wcC9kYXRhYmFobi5pbmZvIixyZXNwb25zZT02YmEwZWRkNGEwOTgyMGRhY2Y3MTk5YzEwNzUwMjgxMixjaGFyc2V0PXV0Zi04</response>
java.lang.NullPointerException
	at org.jivesoftware.openfire.net.XMPPCallbackHandler.handle(XMPPCallbackHandler.java:70)
	at com.sun.security.sasl.digest.DigestMD5Server.validateClientResponse(DigestMD5Server.java:568)
	at com.sun.security.sasl.digest.DigestMD5Server.evaluateResponse(DigestMD5Server.java:226)
	at org.jivesoftware.openfire.net.SASLAuthentication.handle(SASLAuthentication.java:296)
	at org.jivesoftware.openfire.net.StanzaHandler.process(StanzaHandler.java:165)
	at org.jivesoftware.openfire.nio.ConnectionHandler.messageReceived(ConnectionHandler.java:133)
	at org.apache.mina.common.support.AbstractIoFilterChain$TailFilter.messageReceived(AbstractIoFilterChain.java:570)
	at org.apache.mina.common.support.AbstractIoFilterChain.callNextMessageReceived(AbstractIoFilterChain.java:299)
	at org.apache.mina.common.support.AbstractIoFilterChain.access$1100(AbstractIoFilterChain.java:53)
	at org.apache.mina.common.support.AbstractIoFilterChain$EntryImpl$1.messageReceived(AbstractIoFilterChain.java:648)
	at org.apache.mina.common.IoFilterAdapter.messageReceived(IoFilterAdapter.java:80)
	at org.apache.mina.common.support.AbstractIoFilterChain.callNextMessageReceived(AbstractIoFilterChain.java:299)
	at org.apache.mina.common.support.AbstractIoFilterChain.access$1100(AbstractIoFilterChain.java:53)
	at org.apache.mina.common.support.AbstractIoFilterChain$EntryImpl$1.messageReceived(AbstractIoFilterChain.java:648)
	at org.apache.mina.filter.codec.support.SimpleProtocolDecoderOutput.flush(SimpleProtocolDecoderOutput.java:58)
	at org.apache.mina.filter.codec.ProtocolCodecFilter.messageReceived(ProtocolCodecFilter.java:185)
	at org.apache.mina.common.support.AbstractIoFilterChain.callNextMessageReceived(AbstractIoFilterChain.java:299)
	at org.apache.mina.common.support.AbstractIoFilterChain.access$1100(AbstractIoFilterChain.java:53)
	at org.apache.mina.common.support.AbstractIoFilterChain$EntryImpl$1.messageReceived(AbstractIoFilterChain.java:648)
	at org.apache.mina.filter.executor.ExecutorFilter.processEvent(ExecutorFilter.java:239)
	at org.apache.mina.filter.executor.ExecutorFilter$ProcessEventsRunnable.run(ExecutorFilter.java:283)
	at java.util.concurrent.ThreadPoolExecutor$Worker.runTask(ThreadPoolExecutor.java:886)
	at java.util.concurrent.ThreadPoolExecutor$Worker.run(ThreadPoolExecutor.java:908)
	at org.apache.mina.util.NamePreservingRunnable.run(NamePreservingRunnable.java:51)
	at java.lang.Thread.run(Thread.java:662)
2011.03.11 08:45:32 [org.jivesoftware.openfire.nio.ConnectionHandler.messageReceived(ConnectionHandler.java:135)] Closing connection due to error while processing message: <response xmlns='urn:ietf:params:xml:ns:xmpp-sasl'>dXNlcm5hbWU9ImJpbGwiLHJlYWxtPSJkYXRhYmFobi5pbmZvIixub25jZT0iTjhCWCs5R1RYVGJiWkU5czNoMUY2b2VFSTRtS3dnd2htL1VHVGx5aCIsY25vbmNlPSJIbllsMmJYajhRSlRvYmtROUE0L3g2emJjVjBSOC90NXU0R0tnbHRxVGlvPSIsbmM9MDAwMDAwMDEscW9wPWF1dGgsZGlnZXN0LXVyaT0ieG1wcC9kYXRhYmFobi5pbmZvIixyZXNwb25zZT1jODNjMzdkZmUzMTdiNTJmMzFmM2UzMDJiYzM2NWU2YSxjaGFyc2V0PXV0Zi04</response>
java.lang.NullPointerException
	at org.jivesoftware.openfire.net.XMPPCallbackHandler.handle(XMPPCallbackHandler.java:70)
	at com.sun.security.sasl.digest.DigestMD5Server.validateClientResponse(DigestMD5Server.java:568)
	at com.sun.security.sasl.digest.DigestMD5Server.evaluateResponse(DigestMD5Server.java:226)
	at org.jivesoftware.openfire.net.SASLAuthentication.handle(SASLAuthentication.java:296)
	at org.jivesoftware.openfire.net.StanzaHandler.process(StanzaHandler.java:165)
	at org.jivesoftware.openfire.nio.ConnectionHandler.messageReceived(ConnectionHandler.java:133)
	at org.apache.mina.common.support.AbstractIoFilterChain$TailFilter.messageReceived(AbstractIoFilterChain.java:570)
	at org.apache.mina.common.support.AbstractIoFilterChain.callNextMessageReceived(AbstractIoFilterChain.java:299)
	at org.apache.mina.common.support.AbstractIoFilterChain.access$1100(AbstractIoFilterChain.java:53)
	at org.apache.mina.common.support.AbstractIoFilterChain$EntryImpl$1.messageReceived(AbstractIoFilterChain.java:648)
	at org.apache.mina.common.IoFilterAdapter.messageReceived(IoFilterAdapter.java:80)
	at org.apache.mina.common.support.AbstractIoFilterChain.callNextMessageReceived(AbstractIoFilterChain.java:299)
	at org.apache.mina.common.support.AbstractIoFilterChain.access$1100(AbstractIoFilterChain.java:53)
	at org.apache.mina.common.support.AbstractIoFilterChain$EntryImpl$1.messageReceived(AbstractIoFilterChain.java:648)
	at org.apache.mina.filter.codec.support.SimpleProtocolDecoderOutput.flush(SimpleProtocolDecoderOutput.java:58)
	at org.apache.mina.filter.codec.ProtocolCodecFilter.messageReceived(ProtocolCodecFilter.java:185)
	at org.apache.mina.common.support.AbstractIoFilterChain.callNextMessageReceived(AbstractIoFilterChain.java:299)
	at org.apache.mina.common.support.AbstractIoFilterChain.access$1100(AbstractIoFilterChain.java:53)
	at org.apache.mina.common.support.AbstractIoFilterChain$EntryImpl$1.messageReceived(AbstractIoFilterChain.java:648)
	at org.apache.mina.filter.executor.ExecutorFilter.processEvent(ExecutorFilter.java:239)
	at org.apache.mina.filter.executor.ExecutorFilter$ProcessEventsRunnable.run(ExecutorFilter.java:283)
	at java.util.concurrent.ThreadPoolExecutor$Worker.runTask(ThreadPoolExecutor.java:886)
	at java.util.concurrent.ThreadPoolExecutor$Worker.run(ThreadPoolExecutor.java:908)
	at org.apache.mina.util.NamePreservingRunnable.run(NamePreservingRunnable.java:51)
	at java.lang.Thread.run(Thread.java:662)
2011.03.11 08:47:23 [org.jivesoftware.openfire.nio.ConnectionHandler.messageReceived(ConnectionHandler.java:135)] Closing connection due to error while processing message: <response xmlns='urn:ietf:params:xml:ns:xmpp-sasl'>dXNlcm5hbWU9ImJpbGwiLHJlYWxtPSJkYXRhYmFobi5pbmZvIixub25jZT0iVThHQXZBVmtkOGFzd29Zd2RrVGJnaEt2MmdiL0M0WmpKVjdCRFpXeiIsY25vbmNlPSI3NTVpcnNuZlRZVENmZVlUKzhZQldZUDdnNHdkQWdqYjdFMGsxSE9WTkJ3PSIsbmM9MDAwMDAwMDEscW9wPWF1dGgsZGlnZXN0LXVyaT0ieG1wcC9kYXRhYmFobi5pbmZvIixyZXNwb25zZT1iMWFiNTk5Yjg1ZDVhNDI1YTYzZDQxMDc5MjFlZGFmYyxjaGFyc2V0PXV0Zi04</response>
java.lang.NullPointerException
	at org.jivesoftware.openfire.net.XMPPCallbackHandler.handle(XMPPCallbackHandler.java:70)
	at com.sun.security.sasl.digest.DigestMD5Server.validateClientResponse(DigestMD5Server.java:568)
	at com.sun.security.sasl.digest.DigestMD5Server.evaluateResponse(DigestMD5Server.java:226)
	at org.jivesoftware.openfire.net.SASLAuthentication.handle(SASLAuthentication.java:296)
	at org.jivesoftware.openfire.net.StanzaHandler.process(StanzaHandler.java:165)
	at org.jivesoftware.openfire.nio.ConnectionHandler.messageReceived(ConnectionHandler.java:133)
	at org.apache.mina.common.support.AbstractIoFilterChain$TailFilter.messageReceived(AbstractIoFilterChain.java:570)
	at org.apache.mina.common.support.AbstractIoFilterChain.callNextMessageReceived(AbstractIoFilterChain.java:299)
	at org.apache.mina.common.support.AbstractIoFilterChain.access$1100(AbstractIoFilterChain.java:53)
	at org.apache.mina.common.support.AbstractIoFilterChain$EntryImpl$1.messageReceived(AbstractIoFilterChain.java:648)
	at org.apache.mina.common.IoFilterAdapter.messageReceived(IoFilterAdapter.java:80)
	at org.apache.mina.common.support.AbstractIoFilterChain.callNextMessageReceived(AbstractIoFilterChain.java:299)
	at org.apache.mina.common.support.AbstractIoFilterChain.access$1100(AbstractIoFilterChain.java:53)
	at org.apache.mina.common.support.AbstractIoFilterChain$EntryImpl$1.messageReceived(AbstractIoFilterChain.java:648)
	at org.apache.mina.filter.codec.support.SimpleProtocolDecoderOutput.flush(SimpleProtocolDecoderOutput.java:58)
	at org.apache.mina.filter.codec.ProtocolCodecFilter.messageReceived(ProtocolCodecFilter.java:185)
	at org.apache.mina.common.support.AbstractIoFilterChain.callNextMessageReceived(AbstractIoFilterChain.java:299)
	at org.apache.mina.common.support.AbstractIoFilterChain.access$1100(AbstractIoFilterChain.java:53)
	at org.apache.mina.common.support.AbstractIoFilterChain$EntryImpl$1.messageReceived(AbstractIoFilterChain.java:648)
	at org.apache.mina.filter.executor.ExecutorFilter.processEvent(ExecutorFilter.java:239)
	at org.apache.mina.filter.executor.ExecutorFilter$ProcessEventsRunnable.run(ExecutorFilter.java:283)
	at java.util.concurrent.ThreadPoolExecutor$Worker.runTask(ThreadPoolExecutor.java:886)
	at java.util.concurrent.ThreadPoolExecutor$Worker.run(ThreadPoolExecutor.java:908)
	at org.apache.mina.util.NamePreservingRunnable.run(NamePreservingRunnable.java:51)
	at java.lang.Thread.run(Thread.java:662)
2011.03.20 12:20:52 [org.jivesoftware.util.log.util.CommonsLogFactory$1.error(CommonsLogFactory.java:88)] Line=19 The content of element type "dwr" must match "(init?,allow?,signatures?)".
2011.04.21 23:20:50 [org.jivesoftware.openfire.session.LocalOutgoingServerSession.createOutgoingSession(LocalOutgoingServerSession.java:258)] Error trying to connect to remote server: gmail.com(DNS lookup: xmpp-server1.l.google.com:5269)
java.net.ConnectException: Connection timed out
	at java.net.PlainSocketImpl.socketConnect(Native Method)
	at java.net.PlainSocketImpl.doConnect(PlainSocketImpl.java:333)
	at java.net.PlainSocketImpl.connectToAddress(PlainSocketImpl.java:195)
	at java.net.PlainSocketImpl.connect(PlainSocketImpl.java:182)
	at java.net.SocksSocketImpl.connect(SocksSocketImpl.java:366)
	at java.net.Socket.connect(Socket.java:529)
	at org.jivesoftware.openfire.session.LocalOutgoingServerSession.createOutgoingSession(LocalOutgoingServerSession.java:253)
	at org.jivesoftware.openfire.session.LocalOutgoingServerSession.authenticateDomain(LocalOutgoingServerSession.java:144)
	at org.jivesoftware.openfire.server.OutgoingSessionPromise$PacketsProcessor.sendPacket(OutgoingSessionPromise.java:239)
	at org.jivesoftware.openfire.server.OutgoingSessionPromise$PacketsProcessor.run(OutgoingSessionPromise.java:216)
	at java.util.concurrent.ThreadPoolExecutor$Worker.runTask(ThreadPoolExecutor.java:886)
	at java.util.concurrent.ThreadPoolExecutor$Worker.run(ThreadPoolExecutor.java:908)
	at java.lang.Thread.run(Thread.java:662)
2011.04.22 06:03:58 [org.jivesoftware.openfire.session.LocalOutgoingServerSession.createOutgoingSession(LocalOutgoingServerSession.java:258)] Error trying to connect to remote server: gmail.com(DNS lookup: xmpp-server1.l.google.com:5269)
java.net.ConnectException: Connection timed out
	at java.net.PlainSocketImpl.socketConnect(Native Method)
	at java.net.PlainSocketImpl.doConnect(PlainSocketImpl.java:333)
	at java.net.PlainSocketImpl.connectToAddress(PlainSocketImpl.java:195)
	at java.net.PlainSocketImpl.connect(PlainSocketImpl.java:182)
	at java.net.SocksSocketImpl.connect(SocksSocketImpl.java:366)
	at java.net.Socket.connect(Socket.java:529)
	at org.jivesoftware.openfire.session.LocalOutgoingServerSession.createOutgoingSession(LocalOutgoingServerSession.java:253)
	at org.jivesoftware.openfire.session.LocalOutgoingServerSession.authenticateDomain(LocalOutgoingServerSession.java:144)
	at org.jivesoftware.openfire.server.OutgoingSessionPromise$PacketsProcessor.sendPacket(OutgoingSessionPromise.java:239)
	at org.jivesoftware.openfire.server.OutgoingSessionPromise$PacketsProcessor.run(OutgoingSessionPromise.java:216)
	at java.util.concurrent.ThreadPoolExecutor$Worker.runTask(ThreadPoolExecutor.java:886)
	at java.util.concurrent.ThreadPoolExecutor$Worker.run(ThreadPoolExecutor.java:908)
	at java.lang.Thread.run(Thread.java:662)
2011.04.22 07:24:36 [org.jivesoftware.openfire.session.LocalOutgoingServerSession.createOutgoingSession(LocalOutgoingServerSession.java:258)] Error trying to connect to remote server: gmail.com(DNS lookup: xmpp-server1.l.google.com:5269)
java.net.ConnectException: Connection timed out
	at java.net.PlainSocketImpl.socketConnect(Native Method)
	at java.net.PlainSocketImpl.doConnect(PlainSocketImpl.java:333)
	at java.net.PlainSocketImpl.connectToAddress(PlainSocketImpl.java:195)
	at java.net.PlainSocketImpl.connect(PlainSocketImpl.java:182)
	at java.net.SocksSocketImpl.connect(SocksSocketImpl.java:366)
	at java.net.Socket.connect(Socket.java:529)
	at org.jivesoftware.openfire.session.LocalOutgoingServerSession.createOutgoingSession(LocalOutgoingServerSession.java:253)
	at org.jivesoftware.openfire.session.LocalOutgoingServerSession.authenticateDomain(LocalOutgoingServerSession.java:144)
	at org.jivesoftware.openfire.server.OutgoingSessionPromise$PacketsProcessor.sendPacket(OutgoingSessionPromise.java:239)
	at org.jivesoftware.openfire.server.OutgoingSessionPromise$PacketsProcessor.run(OutgoingSessionPromise.java:216)
	at java.util.concurrent.ThreadPoolExecutor$Worker.runTask(ThreadPoolExecutor.java:886)
	at java.util.concurrent.ThreadPoolExecutor$Worker.run(ThreadPoolExecutor.java:908)
	at java.lang.Thread.run(Thread.java:662)
2011.04.22 09:30:39 [org.jivesoftware.openfire.session.LocalOutgoingServerSession.createOutgoingSession(LocalOutgoingServerSession.java:258)] Error trying to connect to remote server: gmail.com(DNS lookup: xmpp-server1.l.google.com:5269)
java.net.ConnectException: Connection timed out
	at java.net.PlainSocketImpl.socketConnect(Native Method)
	at java.net.PlainSocketImpl.doConnect(PlainSocketImpl.java:333)
	at java.net.PlainSocketImpl.connectToAddress(PlainSocketImpl.java:195)
	at java.net.PlainSocketImpl.connect(PlainSocketImpl.java:182)
	at java.net.SocksSocketImpl.connect(SocksSocketImpl.java:366)
	at java.net.Socket.connect(Socket.java:529)
	at org.jivesoftware.openfire.session.LocalOutgoingServerSession.createOutgoingSession(LocalOutgoingServerSession.java:253)
	at org.jivesoftware.openfire.session.LocalOutgoingServerSession.authenticateDomain(LocalOutgoingServerSession.java:144)
	at org.jivesoftware.openfire.server.OutgoingSessionPromise$PacketsProcessor.sendPacket(OutgoingSessionPromise.java:239)
	at org.jivesoftware.openfire.server.OutgoingSessionPromise$PacketsProcessor.run(OutgoingSessionPromise.java:216)
	at java.util.concurrent.ThreadPoolExecutor$Worker.runTask(ThreadPoolExecutor.java:886)
	at java.util.concurrent.ThreadPoolExecutor$Worker.run(ThreadPoolExecutor.java:908)
	at java.lang.Thread.run(Thread.java:662)
2011.04.22 12:02:17 [org.jivesoftware.openfire.session.LocalOutgoingServerSession.createOutgoingSession(LocalOutgoingServerSession.java:258)] Error trying to connect to remote server: gmail.com(DNS lookup: xmpp-server1.l.google.com:5269)
java.net.ConnectException: Connection timed out
	at java.net.PlainSocketImpl.socketConnect(Native Method)
	at java.net.PlainSocketImpl.doConnect(PlainSocketImpl.java:333)
	at java.net.PlainSocketImpl.connectToAddress(PlainSocketImpl.java:195)
	at java.net.PlainSocketImpl.connect(PlainSocketImpl.java:182)
	at java.net.SocksSocketImpl.connect(SocksSocketImpl.java:366)
	at java.net.Socket.connect(Socket.java:529)
	at org.jivesoftware.openfire.session.LocalOutgoingServerSession.createOutgoingSession(LocalOutgoingServerSession.java:253)
	at org.jivesoftware.openfire.session.LocalOutgoingServerSession.authenticateDomain(LocalOutgoingServerSession.java:144)
	at org.jivesoftware.openfire.server.OutgoingSessionPromise$PacketsProcessor.sendPacket(OutgoingSessionPromise.java:239)
	at org.jivesoftware.openfire.server.OutgoingSessionPromise$PacketsProcessor.run(OutgoingSessionPromise.java:216)
	at java.util.concurrent.ThreadPoolExecutor$Worker.runTask(ThreadPoolExecutor.java:886)
	at java.util.concurrent.ThreadPoolExecutor$Worker.run(ThreadPoolExecutor.java:908)
	at java.lang.Thread.run(Thread.java:662)
2011.04.23 02:19:57 [org.jivesoftware.openfire.session.LocalOutgoingServerSession.createOutgoingSession(LocalOutgoingServerSession.java:258)] Error trying to connect to remote server: gmail.com(DNS lookup: xmpp-server1.l.google.com:5269)
java.net.ConnectException: Connection timed out
	at java.net.PlainSocketImpl.socketConnect(Native Method)
	at java.net.PlainSocketImpl.doConnect(PlainSocketImpl.java:333)
	at java.net.PlainSocketImpl.connectToAddress(PlainSocketImpl.java:195)
	at java.net.PlainSocketImpl.connect(PlainSocketImpl.java:182)
	at java.net.SocksSocketImpl.connect(SocksSocketImpl.java:366)
	at java.net.Socket.connect(Socket.java:529)
	at org.jivesoftware.openfire.session.LocalOutgoingServerSession.createOutgoingSession(LocalOutgoingServerSession.java:253)
	at org.jivesoftware.openfire.session.LocalOutgoingServerSession.authenticateDomain(LocalOutgoingServerSession.java:144)
	at org.jivesoftware.openfire.server.OutgoingSessionPromise$PacketsProcessor.sendPacket(OutgoingSessionPromise.java:239)
	at org.jivesoftware.openfire.server.OutgoingSessionPromise$PacketsProcessor.run(OutgoingSessionPromise.java:216)
	at java.util.concurrent.ThreadPoolExecutor$Worker.runTask(ThreadPoolExecutor.java:886)
	at java.util.concurrent.ThreadPoolExecutor$Worker.run(ThreadPoolExecutor.java:908)
	at java.lang.Thread.run(Thread.java:662)
2011.04.23 04:10:42 [org.jivesoftware.openfire.session.LocalOutgoingServerSession.createOutgoingSession(LocalOutgoingServerSession.java:258)] Error trying to connect to remote server: gmail.com(DNS lookup: xmpp-server1.l.google.com:5269)
java.net.ConnectException: Connection timed out
	at java.net.PlainSocketImpl.socketConnect(Native Method)
	at java.net.PlainSocketImpl.doConnect(PlainSocketImpl.java:333)
	at java.net.PlainSocketImpl.connectToAddress(PlainSocketImpl.java:195)
	at java.net.PlainSocketImpl.connect(PlainSocketImpl.java:182)
	at java.net.SocksSocketImpl.connect(SocksSocketImpl.java:366)
	at java.net.Socket.connect(Socket.java:529)
	at org.jivesoftware.openfire.session.LocalOutgoingServerSession.createOutgoingSession(LocalOutgoingServerSession.java:253)
	at org.jivesoftware.openfire.session.LocalOutgoingServerSession.authenticateDomain(LocalOutgoingServerSession.java:144)
	at org.jivesoftware.openfire.server.OutgoingSessionPromise$PacketsProcessor.sendPacket(OutgoingSessionPromise.java:239)
	at org.jivesoftware.openfire.server.OutgoingSessionPromise$PacketsProcessor.run(OutgoingSessionPromise.java:216)
	at java.util.concurrent.ThreadPoolExecutor$Worker.runTask(ThreadPoolExecutor.java:886)
	at java.util.concurrent.ThreadPoolExecutor$Worker.run(ThreadPoolExecutor.java:908)
	at java.lang.Thread.run(Thread.java:662)
2011.04.23 16:16:56 [org.jivesoftware.openfire.session.LocalOutgoingServerSession.createOutgoingSession(LocalOutgoingServerSession.java:258)] Error trying to connect to remote server: gmail.com(DNS lookup: xmpp-server1.l.google.com:5269)
java.net.ConnectException: Connection timed out
	at java.net.PlainSocketImpl.socketConnect(Native Method)
	at java.net.PlainSocketImpl.doConnect(PlainSocketImpl.java:333)
	at java.net.PlainSocketImpl.connectToAddress(PlainSocketImpl.java:195)
	at java.net.PlainSocketImpl.connect(PlainSocketImpl.java:182)
	at java.net.SocksSocketImpl.connect(SocksSocketImpl.java:366)
	at java.net.Socket.connect(Socket.java:529)
	at org.jivesoftware.openfire.session.LocalOutgoingServerSession.createOutgoingSession(LocalOutgoingServerSession.java:253)
	at org.jivesoftware.openfire.session.LocalOutgoingServerSession.authenticateDomain(LocalOutgoingServerSession.java:144)
	at org.jivesoftware.openfire.server.OutgoingSessionPromise$PacketsProcessor.sendPacket(OutgoingSessionPromise.java:239)
	at org.jivesoftware.openfire.server.OutgoingSessionPromise$PacketsProcessor.run(OutgoingSessionPromise.java:216)
	at java.util.concurrent.ThreadPoolExecutor$Worker.runTask(ThreadPoolExecutor.java:886)
	at java.util.concurrent.ThreadPoolExecutor$Worker.run(ThreadPoolExecutor.java:908)
	at java.lang.Thread.run(Thread.java:662)
2011.04.23 17:51:08 [org.jivesoftware.openfire.session.LocalOutgoingServerSession.createOutgoingSession(LocalOutgoingServerSession.java:258)] Error trying to connect to remote server: gmail.com(DNS lookup: xmpp-server1.l.google.com:5269)
java.net.ConnectException: Connection timed out
	at java.net.PlainSocketImpl.socketConnect(Native Method)
	at java.net.PlainSocketImpl.doConnect(PlainSocketImpl.java:333)
	at java.net.PlainSocketImpl.connectToAddress(PlainSocketImpl.java:195)
	at java.net.PlainSocketImpl.connect(PlainSocketImpl.java:182)
	at java.net.SocksSocketImpl.connect(SocksSocketImpl.java:366)
	at java.net.Socket.connect(Socket.java:529)
	at org.jivesoftware.openfire.session.LocalOutgoingServerSession.createOutgoingSession(LocalOutgoingServerSession.java:253)
	at org.jivesoftware.openfire.session.LocalOutgoingServerSession.authenticateDomain(LocalOutgoingServerSession.java:144)
	at org.jivesoftware.openfire.server.OutgoingSessionPromise$PacketsProcessor.sendPacket(OutgoingSessionPromise.java:239)
	at org.jivesoftware.openfire.server.OutgoingSessionPromise$PacketsProcessor.run(OutgoingSessionPromise.java:216)
	at java.util.concurrent.ThreadPoolExecutor$Worker.runTask(ThreadPoolExecutor.java:886)
	at java.util.concurrent.ThreadPoolExecutor$Worker.run(ThreadPoolExecutor.java:908)
	at java.lang.Thread.run(Thread.java:662)
2011.04.23 23:20:21 [org.jivesoftware.openfire.session.LocalOutgoingServerSession.createOutgoingSession(LocalOutgoingServerSession.java:258)] Error trying to connect to remote server: gmail.com(DNS lookup: xmpp-server1.l.google.com:5269)
java.net.ConnectException: Connection timed out
	at java.net.PlainSocketImpl.socketConnect(Native Method)
	at java.net.PlainSocketImpl.doConnect(PlainSocketImpl.java:333)
	at java.net.PlainSocketImpl.connectToAddress(PlainSocketImpl.java:195)
	at java.net.PlainSocketImpl.connect(PlainSocketImpl.java:182)
	at java.net.SocksSocketImpl.connect(SocksSocketImpl.java:366)
	at java.net.Socket.connect(Socket.java:529)
	at org.jivesoftware.openfire.session.LocalOutgoingServerSession.createOutgoingSession(LocalOutgoingServerSession.java:253)
	at org.jivesoftware.openfire.session.LocalOutgoingServerSession.authenticateDomain(LocalOutgoingServerSession.java:144)
	at org.jivesoftware.openfire.server.OutgoingSessionPromise$PacketsProcessor.sendPacket(OutgoingSessionPromise.java:239)
	at org.jivesoftware.openfire.server.OutgoingSessionPromise$PacketsProcessor.run(OutgoingSessionPromise.java:216)
	at java.util.concurrent.ThreadPoolExecutor$Worker.runTask(ThreadPoolExecutor.java:886)
	at java.util.concurrent.ThreadPoolExecutor$Worker.run(ThreadPoolExecutor.java:908)
	at java.lang.Thread.run(Thread.java:662)
2011.04.24 01:01:07 [org.jivesoftware.openfire.session.LocalOutgoingServerSession.createOutgoingSession(LocalOutgoingServerSession.java:258)] Error trying to connect to remote server: gmail.com(DNS lookup: xmpp-server1.l.google.com:5269)
java.net.ConnectException: Connection timed out
	at java.net.PlainSocketImpl.socketConnect(Native Method)
	at java.net.PlainSocketImpl.doConnect(PlainSocketImpl.java:333)
	at java.net.PlainSocketImpl.connectToAddress(PlainSocketImpl.java:195)
	at java.net.PlainSocketImpl.connect(PlainSocketImpl.java:182)
	at java.net.SocksSocketImpl.connect(SocksSocketImpl.java:366)
	at java.net.Socket.connect(Socket.java:529)
	at org.jivesoftware.openfire.session.LocalOutgoingServerSession.createOutgoingSession(LocalOutgoingServerSession.java:253)
	at org.jivesoftware.openfire.session.LocalOutgoingServerSession.authenticateDomain(LocalOutgoingServerSession.java:144)
	at org.jivesoftware.openfire.server.OutgoingSessionPromise$PacketsProcessor.sendPacket(OutgoingSessionPromise.java:239)
	at org.jivesoftware.openfire.server.OutgoingSessionPromise$PacketsProcessor.run(OutgoingSessionPromise.java:216)
	at java.util.concurrent.ThreadPoolExecutor$Worker.runTask(ThreadPoolExecutor.java:886)
	at java.util.concurrent.ThreadPoolExecutor$Worker.run(ThreadPoolExecutor.java:908)
	at java.lang.Thread.run(Thread.java:662)
2011.04.24 02:36:45 [org.jivesoftware.openfire.session.LocalOutgoingServerSession.createOutgoingSession(LocalOutgoingServerSession.java:258)] Error trying to connect to remote server: gmail.com(DNS lookup: xmpp-server1.l.google.com:5269)
java.net.ConnectException: Connection timed out
	at java.net.PlainSocketImpl.socketConnect(Native Method)
	at java.net.PlainSocketImpl.doConnect(PlainSocketImpl.java:333)
	at java.net.PlainSocketImpl.connectToAddress(PlainSocketImpl.java:195)
	at java.net.PlainSocketImpl.connect(PlainSocketImpl.java:182)
	at java.net.SocksSocketImpl.connect(SocksSocketImpl.java:366)
	at java.net.Socket.connect(Socket.java:529)
	at org.jivesoftware.openfire.session.LocalOutgoingServerSession.createOutgoingSession(LocalOutgoingServerSession.java:253)
	at org.jivesoftware.openfire.session.LocalOutgoingServerSession.authenticateDomain(LocalOutgoingServerSession.java:144)
	at org.jivesoftware.openfire.server.OutgoingSessionPromise$PacketsProcessor.sendPacket(OutgoingSessionPromise.java:239)
	at org.jivesoftware.openfire.server.OutgoingSessionPromise$PacketsProcessor.run(OutgoingSessionPromise.java:216)
	at java.util.concurrent.ThreadPoolExecutor$Worker.runTask(ThreadPoolExecutor.java:886)
	at java.util.concurrent.ThreadPoolExecutor$Worker.run(ThreadPoolExecutor.java:908)
	at java.lang.Thread.run(Thread.java:662)
2011.04.24 06:08:08 [org.jivesoftware.openfire.session.LocalOutgoingServerSession.createOutgoingSession(LocalOutgoingServerSession.java:258)] Error trying to connect to remote server: gmail.com(DNS lookup: xmpp-server1.l.google.com:5269)
java.net.ConnectException: Connection timed out
	at java.net.PlainSocketImpl.socketConnect(Native Method)
	at java.net.PlainSocketImpl.doConnect(PlainSocketImpl.java:333)
	at java.net.PlainSocketImpl.connectToAddress(PlainSocketImpl.java:195)
	at java.net.PlainSocketImpl.connect(PlainSocketImpl.java:182)
	at java.net.SocksSocketImpl.connect(SocksSocketImpl.java:366)
	at java.net.Socket.connect(Socket.java:529)
	at org.jivesoftware.openfire.session.LocalOutgoingServerSession.createOutgoingSession(LocalOutgoingServerSession.java:253)
	at org.jivesoftware.openfire.session.LocalOutgoingServerSession.authenticateDomain(LocalOutgoingServerSession.java:144)
	at org.jivesoftware.openfire.server.OutgoingSessionPromise$PacketsProcessor.sendPacket(OutgoingSessionPromise.java:239)
	at org.jivesoftware.openfire.server.OutgoingSessionPromise$PacketsProcessor.run(OutgoingSessionPromise.java:216)
	at java.util.concurrent.ThreadPoolExecutor$Worker.runTask(ThreadPoolExecutor.java:886)
	at java.util.concurrent.ThreadPoolExecutor$Worker.run(ThreadPoolExecutor.java:908)
	at java.lang.Thread.run(Thread.java:662)
2011.04.24 07:38:41 [org.jivesoftware.openfire.session.LocalOutgoingServerSession.createOutgoingSession(LocalOutgoingServerSession.java:258)] Error trying to connect to remote server: gmail.com(DNS lookup: xmpp-server1.l.google.com:5269)
java.net.ConnectException: Connection timed out
	at java.net.PlainSocketImpl.socketConnect(Native Method)
	at java.net.PlainSocketImpl.doConnect(PlainSocketImpl.java:333)
	at java.net.PlainSocketImpl.connectToAddress(PlainSocketImpl.java:195)
	at java.net.PlainSocketImpl.connect(PlainSocketImpl.java:182)
	at java.net.SocksSocketImpl.connect(SocksSocketImpl.java:366)
	at java.net.Socket.connect(Socket.java:529)
	at org.jivesoftware.openfire.session.LocalOutgoingServerSession.createOutgoingSession(LocalOutgoingServerSession.java:253)
	at org.jivesoftware.openfire.session.LocalOutgoingServerSession.authenticateDomain(LocalOutgoingServerSession.java:144)
	at org.jivesoftware.openfire.server.OutgoingSessionPromise$PacketsProcessor.sendPacket(OutgoingSessionPromise.java:239)
	at org.jivesoftware.openfire.server.OutgoingSessionPromise$PacketsProcessor.run(OutgoingSessionPromise.java:216)
	at java.util.concurrent.ThreadPoolExecutor$Worker.runTask(ThreadPoolExecutor.java:886)
	at java.util.concurrent.ThreadPoolExecutor$Worker.run(ThreadPoolExecutor.java:908)
	at java.lang.Thread.run(Thread.java:662)
2011.04.24 16:28:30 [org.jivesoftware.openfire.session.LocalOutgoingServerSession.createOutgoingSession(LocalOutgoingServerSession.java:258)] Error trying to connect to remote server: gmail.com(DNS lookup: xmpp-server1.l.google.com:5269)
java.net.ConnectException: Connection timed out
	at java.net.PlainSocketImpl.socketConnect(Native Method)
	at java.net.PlainSocketImpl.doConnect(PlainSocketImpl.java:333)
	at java.net.PlainSocketImpl.connectToAddress(PlainSocketImpl.java:195)
	at java.net.PlainSocketImpl.connect(PlainSocketImpl.java:182)
	at java.net.SocksSocketImpl.connect(SocksSocketImpl.java:366)
	at java.net.Socket.connect(Socket.java:529)
	at org.jivesoftware.openfire.session.LocalOutgoingServerSession.createOutgoingSession(LocalOutgoingServerSession.java:253)
	at org.jivesoftware.openfire.session.LocalOutgoingServerSession.authenticateDomain(LocalOutgoingServerSession.java:144)
	at org.jivesoftware.openfire.server.OutgoingSessionPromise$PacketsProcessor.sendPacket(OutgoingSessionPromise.java:239)
	at org.jivesoftware.openfire.server.OutgoingSessionPromise$PacketsProcessor.run(OutgoingSessionPromise.java:216)
	at java.util.concurrent.ThreadPoolExecutor$Worker.runTask(ThreadPoolExecutor.java:886)
	at java.util.concurrent.ThreadPoolExecutor$Worker.run(ThreadPoolExecutor.java:908)
	at java.lang.Thread.run(Thread.java:662)
2011.04.25 02:08:35 [org.jivesoftware.openfire.session.LocalOutgoingServerSession.createOutgoingSession(LocalOutgoingServerSession.java:258)] Error trying to connect to remote server: gmail.com(DNS lookup: xmpp-server1.l.google.com:5269)
java.net.ConnectException: Connection timed out
	at java.net.PlainSocketImpl.socketConnect(Native Method)
	at java.net.PlainSocketImpl.doConnect(PlainSocketImpl.java:333)
	at java.net.PlainSocketImpl.connectToAddress(PlainSocketImpl.java:195)
	at java.net.PlainSocketImpl.connect(PlainSocketImpl.java:182)
	at java.net.SocksSocketImpl.connect(SocksSocketImpl.java:366)
	at java.net.Socket.connect(Socket.java:529)
	at org.jivesoftware.openfire.session.LocalOutgoingServerSession.createOutgoingSession(LocalOutgoingServerSession.java:253)
	at org.jivesoftware.openfire.session.LocalOutgoingServerSession.authenticateDomain(LocalOutgoingServerSession.java:144)
	at org.jivesoftware.openfire.server.OutgoingSessionPromise$PacketsProcessor.sendPacket(OutgoingSessionPromise.java:239)
	at org.jivesoftware.openfire.server.OutgoingSessionPromise$PacketsProcessor.run(OutgoingSessionPromise.java:216)
	at java.util.concurrent.ThreadPoolExecutor$Worker.runTask(ThreadPoolExecutor.java:886)
	at java.util.concurrent.ThreadPoolExecutor$Worker.run(ThreadPoolExecutor.java:908)
	at java.lang.Thread.run(Thread.java:662)
2011.04.25 03:49:18 [org.jivesoftware.openfire.session.LocalOutgoingServerSession.createOutgoingSession(LocalOutgoingServerSession.java:258)] Error trying to connect to remote server: gmail.com(DNS lookup: xmpp-server1.l.google.com:5269)
java.net.ConnectException: Connection timed out
	at java.net.PlainSocketImpl.socketConnect(Native Method)
	at java.net.PlainSocketImpl.doConnect(PlainSocketImpl.java:333)
	at java.net.PlainSocketImpl.connectToAddress(PlainSocketImpl.java:195)
	at java.net.PlainSocketImpl.connect(PlainSocketImpl.java:182)
	at java.net.SocksSocketImpl.connect(SocksSocketImpl.java:366)
	at java.net.Socket.connect(Socket.java:529)
	at org.jivesoftware.openfire.session.LocalOutgoingServerSession.createOutgoingSession(LocalOutgoingServerSession.java:253)
	at org.jivesoftware.openfire.session.LocalOutgoingServerSession.authenticateDomain(LocalOutgoingServerSession.java:144)
	at org.jivesoftware.openfire.server.OutgoingSessionPromise$PacketsProcessor.sendPacket(OutgoingSessionPromise.java:239)
	at org.jivesoftware.openfire.server.OutgoingSessionPromise$PacketsProcessor.run(OutgoingSessionPromise.java:216)
	at java.util.concurrent.ThreadPoolExecutor$Worker.runTask(ThreadPoolExecutor.java:886)
	at java.util.concurrent.ThreadPoolExecutor$Worker.run(ThreadPoolExecutor.java:908)
	at java.lang.Thread.run(Thread.java:662)
2011.04.25 05:40:06 [org.jivesoftware.openfire.session.LocalOutgoingServerSession.createOutgoingSession(LocalOutgoingServerSession.java:258)] Error trying to connect to remote server: gmail.com(DNS lookup: xmpp-server1.l.google.com:5269)
java.net.ConnectException: Connection timed out
	at java.net.PlainSocketImpl.socketConnect(Native Method)
	at java.net.PlainSocketImpl.doConnect(PlainSocketImpl.java:333)
	at java.net.PlainSocketImpl.connectToAddress(PlainSocketImpl.java:195)
	at java.net.PlainSocketImpl.connect(PlainSocketImpl.java:182)
	at java.net.SocksSocketImpl.connect(SocksSocketImpl.java:366)
	at java.net.Socket.connect(Socket.java:529)
	at org.jivesoftware.openfire.session.LocalOutgoingServerSession.createOutgoingSession(LocalOutgoingServerSession.java:253)
	at org.jivesoftware.openfire.session.LocalOutgoingServerSession.authenticateDomain(LocalOutgoingServerSession.java:144)
	at org.jivesoftware.openfire.server.OutgoingSessionPromise$PacketsProcessor.sendPacket(OutgoingSessionPromise.java:239)
	at org.jivesoftware.openfire.server.OutgoingSessionPromise$PacketsProcessor.run(OutgoingSessionPromise.java:216)
	at java.util.concurrent.ThreadPoolExecutor$Worker.runTask(ThreadPoolExecutor.java:886)
	at java.util.concurrent.ThreadPoolExecutor$Worker.run(ThreadPoolExecutor.java:908)
	at java.lang.Thread.run(Thread.java:662)
2011.04.25 07:05:46 [org.jivesoftware.openfire.session.LocalOutgoingServerSession.createOutgoingSession(LocalOutgoingServerSession.java:258)] Error trying to connect to remote server: gmail.com(DNS lookup: xmpp-server1.l.google.com:5269)
java.net.ConnectException: Connection timed out
	at java.net.PlainSocketImpl.socketConnect(Native Method)
	at java.net.PlainSocketImpl.doConnect(PlainSocketImpl.java:333)
	at java.net.PlainSocketImpl.connectToAddress(PlainSocketImpl.java:195)
	at java.net.PlainSocketImpl.connect(PlainSocketImpl.java:182)
	at java.net.SocksSocketImpl.connect(SocksSocketImpl.java:366)
	at java.net.Socket.connect(Socket.java:529)
	at org.jivesoftware.openfire.session.LocalOutgoingServerSession.createOutgoingSession(LocalOutgoingServerSession.java:253)
	at org.jivesoftware.openfire.session.LocalOutgoingServerSession.authenticateDomain(LocalOutgoingServerSession.java:144)
	at org.jivesoftware.openfire.server.OutgoingSessionPromise$PacketsProcessor.sendPacket(OutgoingSessionPromise.java:239)
	at org.jivesoftware.openfire.server.OutgoingSessionPromise$PacketsProcessor.run(OutgoingSessionPromise.java:216)
	at java.util.concurrent.ThreadPoolExecutor$Worker.runTask(ThreadPoolExecutor.java:886)
	at java.util.concurrent.ThreadPoolExecutor$Worker.run(ThreadPoolExecutor.java:908)
	at java.lang.Thread.run(Thread.java:662)
2011.04.26 00:00:57 [org.jivesoftware.openfire.session.LocalOutgoingServerSession.createOutgoingSession(LocalOutgoingServerSession.java:258)] Error trying to connect to remote server: gmail.com(DNS lookup: xmpp-server1.l.google.com:5269)
java.net.ConnectException: Connection timed out
	at java.net.PlainSocketImpl.socketConnect(Native Method)
	at java.net.PlainSocketImpl.doConnect(PlainSocketImpl.java:333)
	at java.net.PlainSocketImpl.connectToAddress(PlainSocketImpl.java:195)
	at java.net.PlainSocketImpl.connect(PlainSocketImpl.java:182)
	at java.net.SocksSocketImpl.connect(SocksSocketImpl.java:366)
	at java.net.Socket.connect(Socket.java:529)
	at org.jivesoftware.openfire.session.LocalOutgoingServerSession.createOutgoingSession(LocalOutgoingServerSession.java:253)
	at org.jivesoftware.openfire.session.LocalOutgoingServerSession.authenticateDomain(LocalOutgoingServerSession.java:144)
	at org.jivesoftware.openfire.server.OutgoingSessionPromise$PacketsProcessor.sendPacket(OutgoingSessionPromise.java:239)
	at org.jivesoftware.openfire.server.OutgoingSessionPromise$PacketsProcessor.run(OutgoingSessionPromise.java:216)
	at java.util.concurrent.ThreadPoolExecutor$Worker.runTask(ThreadPoolExecutor.java:886)
	at java.util.concurrent.ThreadPoolExecutor$Worker.run(ThreadPoolExecutor.java:908)
	at java.lang.Thread.run(Thread.java:662)
2011.04.26 01:41:48 [org.jivesoftware.openfire.session.LocalOutgoingServerSession.createOutgoingSession(LocalOutgoingServerSession.java:258)] Error trying to connect to remote server: gmail.com(DNS lookup: xmpp-server1.l.google.com:5269)
java.net.ConnectException: Connection timed out
	at java.net.PlainSocketImpl.socketConnect(Native Method)
	at java.net.PlainSocketImpl.doConnect(PlainSocketImpl.java:333)
	at java.net.PlainSocketImpl.connectToAddress(PlainSocketImpl.java:195)
	at java.net.PlainSocketImpl.connect(PlainSocketImpl.java:182)
	at java.net.SocksSocketImpl.connect(SocksSocketImpl.java:366)
	at java.net.Socket.connect(Socket.java:529)
	at org.jivesoftware.openfire.session.LocalOutgoingServerSession.createOutgoingSession(LocalOutgoingServerSession.java:253)
	at org.jivesoftware.openfire.session.LocalOutgoingServerSession.authenticateDomain(LocalOutgoingServerSession.java:144)
	at org.jivesoftware.openfire.server.OutgoingSessionPromise$PacketsProcessor.sendPacket(OutgoingSessionPromise.java:239)
	at org.jivesoftware.openfire.server.OutgoingSessionPromise$PacketsProcessor.run(OutgoingSessionPromise.java:216)
	at java.util.concurrent.ThreadPoolExecutor$Worker.runTask(ThreadPoolExecutor.java:886)
	at java.util.concurrent.ThreadPoolExecutor$Worker.run(ThreadPoolExecutor.java:908)
	at java.lang.Thread.run(Thread.java:662)
2011.04.26 03:17:35 [org.jivesoftware.openfire.session.LocalOutgoingServerSession.createOutgoingSession(LocalOutgoingServerSession.java:258)] Error trying to connect to remote server: gmail.com(DNS lookup: xmpp-server1.l.google.com:5269)
java.net.ConnectException: Connection timed out
	at java.net.PlainSocketImpl.socketConnect(Native Method)
	at java.net.PlainSocketImpl.doConnect(PlainSocketImpl.java:333)
	at java.net.PlainSocketImpl.connectToAddress(PlainSocketImpl.java:195)
	at java.net.PlainSocketImpl.connect(PlainSocketImpl.java:182)
	at java.net.SocksSocketImpl.connect(SocksSocketImpl.java:366)
	at java.net.Socket.connect(Socket.java:529)
	at org.jivesoftware.openfire.session.LocalOutgoingServerSession.createOutgoingSession(LocalOutgoingServerSession.java:253)
	at org.jivesoftware.openfire.session.LocalOutgoingServerSession.authenticateDomain(LocalOutgoingServerSession.java:144)
	at org.jivesoftware.openfire.server.OutgoingSessionPromise$PacketsProcessor.sendPacket(OutgoingSessionPromise.java:239)
	at org.jivesoftware.openfire.server.OutgoingSessionPromise$PacketsProcessor.run(OutgoingSessionPromise.java:216)
	at java.util.concurrent.ThreadPoolExecutor$Worker.runTask(ThreadPoolExecutor.java:886)
	at java.util.concurrent.ThreadPoolExecutor$Worker.run(ThreadPoolExecutor.java:908)
	at java.lang.Thread.run(Thread.java:662)
2011.04.26 04:38:15 [org.jivesoftware.openfire.session.LocalOutgoingServerSession.createOutgoingSession(LocalOutgoingServerSession.java:258)] Error trying to connect to remote server: gmail.com(DNS lookup: xmpp-server1.l.google.com:5269)
java.net.ConnectException: Connection timed out
	at java.net.PlainSocketImpl.socketConnect(Native Method)
	at java.net.PlainSocketImpl.doConnect(PlainSocketImpl.java:333)
	at java.net.PlainSocketImpl.connectToAddress(PlainSocketImpl.java:195)
	at java.net.PlainSocketImpl.connect(PlainSocketImpl.java:182)
	at java.net.SocksSocketImpl.connect(SocksSocketImpl.java:366)
	at java.net.Socket.connect(Socket.java:529)
	at org.jivesoftware.openfire.session.LocalOutgoingServerSession.createOutgoingSession(LocalOutgoingServerSession.java:253)
	at org.jivesoftware.openfire.session.LocalOutgoingServerSession.authenticateDomain(LocalOutgoingServerSession.java:144)
	at org.jivesoftware.openfire.server.OutgoingSessionPromise$PacketsProcessor.sendPacket(OutgoingSessionPromise.java:239)
	at org.jivesoftware.openfire.server.OutgoingSessionPromise$PacketsProcessor.run(OutgoingSessionPromise.java:216)
	at java.util.concurrent.ThreadPoolExecutor$Worker.runTask(ThreadPoolExecutor.java:886)
	at java.util.concurrent.ThreadPoolExecutor$Worker.run(ThreadPoolExecutor.java:908)
	at java.lang.Thread.run(Thread.java:662)
2011.04.26 06:14:03 [org.jivesoftware.openfire.session.LocalOutgoingServerSession.createOutgoingSession(LocalOutgoingServerSession.java:258)] Error trying to connect to remote server: gmail.com(DNS lookup: xmpp-server1.l.google.com:5269)
java.net.ConnectException: Connection timed out
	at java.net.PlainSocketImpl.socketConnect(Native Method)
	at java.net.PlainSocketImpl.doConnect(PlainSocketImpl.java:333)
	at java.net.PlainSocketImpl.connectToAddress(PlainSocketImpl.java:195)
	at java.net.PlainSocketImpl.connect(PlainSocketImpl.java:182)
	at java.net.SocksSocketImpl.connect(SocksSocketImpl.java:366)
	at java.net.Socket.connect(Socket.java:529)
	at org.jivesoftware.openfire.session.LocalOutgoingServerSession.createOutgoingSession(LocalOutgoingServerSession.java:253)
	at org.jivesoftware.openfire.session.LocalOutgoingServerSession.authenticateDomain(LocalOutgoingServerSession.java:144)
	at org.jivesoftware.openfire.server.OutgoingSessionPromise$PacketsProcessor.sendPacket(OutgoingSessionPromise.java:239)
	at org.jivesoftware.openfire.server.OutgoingSessionPromise$PacketsProcessor.run(OutgoingSessionPromise.java:216)
	at java.util.concurrent.ThreadPoolExecutor$Worker.runTask(ThreadPoolExecutor.java:886)
	at java.util.concurrent.ThreadPoolExecutor$Worker.run(ThreadPoolExecutor.java:908)
	at java.lang.Thread.run(Thread.java:662)
2011.04.26 07:39:50 [org.jivesoftware.openfire.session.LocalOutgoingServerSession.createOutgoingSession(LocalOutgoingServerSession.java:258)] Error trying to connect to remote server: gmail.com(DNS lookup: xmpp-server1.l.google.com:5269)
java.net.ConnectException: Connection timed out
	at java.net.PlainSocketImpl.socketConnect(Native Method)
	at java.net.PlainSocketImpl.doConnect(PlainSocketImpl.java:333)
	at java.net.PlainSocketImpl.connectToAddress(PlainSocketImpl.java:195)
	at java.net.PlainSocketImpl.connect(PlainSocketImpl.java:182)
	at java.net.SocksSocketImpl.connect(SocksSocketImpl.java:366)
	at java.net.Socket.connect(Socket.java:529)
	at org.jivesoftware.openfire.session.LocalOutgoingServerSession.createOutgoingSession(LocalOutgoingServerSession.java:253)
	at org.jivesoftware.openfire.session.LocalOutgoingServerSession.authenticateDomain(LocalOutgoingServerSession.java:144)
	at org.jivesoftware.openfire.server.OutgoingSessionPromise$PacketsProcessor.sendPacket(OutgoingSessionPromise.java:239)
	at org.jivesoftware.openfire.server.OutgoingSessionPromise$PacketsProcessor.run(OutgoingSessionPromise.java:216)
	at java.util.concurrent.ThreadPoolExecutor$Worker.runTask(ThreadPoolExecutor.java:886)
	at java.util.concurrent.ThreadPoolExecutor$Worker.run(ThreadPoolExecutor.java:908)
	at java.lang.Thread.run(Thread.java:662)
2011.04.26 10:46:56 [org.jivesoftware.openfire.session.LocalOutgoingServerSession.createOutgoingSession(LocalOutgoingServerSession.java:258)] Error trying to connect to remote server: gmail.com(DNS lookup: xmpp-server1.l.google.com:5269)
java.net.ConnectException: Connection timed out
	at java.net.PlainSocketImpl.socketConnect(Native Method)
	at java.net.PlainSocketImpl.doConnect(PlainSocketImpl.java:333)
	at java.net.PlainSocketImpl.connectToAddress(PlainSocketImpl.java:195)
	at java.net.PlainSocketImpl.connect(PlainSocketImpl.java:182)
	at java.net.SocksSocketImpl.connect(SocksSocketImpl.java:366)
	at java.net.Socket.connect(Socket.java:529)
	at org.jivesoftware.openfire.session.LocalOutgoingServerSession.createOutgoingSession(LocalOutgoingServerSession.java:253)
	at org.jivesoftware.openfire.session.LocalOutgoingServerSession.authenticateDomain(LocalOutgoingServerSession.java:144)
	at org.jivesoftware.openfire.server.OutgoingSessionPromise$PacketsProcessor.sendPacket(OutgoingSessionPromise.java:239)
	at org.jivesoftware.openfire.server.OutgoingSessionPromise$PacketsProcessor.run(OutgoingSessionPromise.java:216)
	at java.util.concurrent.ThreadPoolExecutor$Worker.runTask(ThreadPoolExecutor.java:886)
	at java.util.concurrent.ThreadPoolExecutor$Worker.run(ThreadPoolExecutor.java:908)
	at java.lang.Thread.run(Thread.java:662)
2011.04.26 21:07:58 [org.jivesoftware.openfire.session.LocalOutgoingServerSession.createOutgoingSession(LocalOutgoingServerSession.java:258)] Error trying to connect to remote server: gmail.com(DNS lookup: xmpp-server1.l.google.com:5269)
java.net.ConnectException: Connection timed out
	at java.net.PlainSocketImpl.socketConnect(Native Method)
	at java.net.PlainSocketImpl.doConnect(PlainSocketImpl.java:333)
	at java.net.PlainSocketImpl.connectToAddress(PlainSocketImpl.java:195)
	at java.net.PlainSocketImpl.connect(PlainSocketImpl.java:182)
	at java.net.SocksSocketImpl.connect(SocksSocketImpl.java:366)
	at java.net.Socket.connect(Socket.java:529)
	at org.jivesoftware.openfire.session.LocalOutgoingServerSession.createOutgoingSession(LocalOutgoingServerSession.java:253)
	at org.jivesoftware.openfire.session.LocalOutgoingServerSession.authenticateDomain(LocalOutgoingServerSession.java:144)
	at org.jivesoftware.openfire.server.OutgoingSessionPromise$PacketsProcessor.sendPacket(OutgoingSessionPromise.java:239)
	at org.jivesoftware.openfire.server.OutgoingSessionPromise$PacketsProcessor.run(OutgoingSessionPromise.java:216)
	at java.util.concurrent.ThreadPoolExecutor$Worker.runTask(ThreadPoolExecutor.java:886)
	at java.util.concurrent.ThreadPoolExecutor$Worker.run(ThreadPoolExecutor.java:908)
	at java.lang.Thread.run(Thread.java:662)
2011.04.27 01:06:22 [org.jivesoftware.openfire.session.LocalOutgoingServerSession.createOutgoingSession(LocalOutgoingServerSession.java:258)] Error trying to connect to remote server: gmail.com(DNS lookup: xmpp-server1.l.google.com:5269)
java.net.ConnectException: Connection timed out
	at java.net.PlainSocketImpl.socketConnect(Native Method)
	at java.net.PlainSocketImpl.doConnect(PlainSocketImpl.java:333)
	at java.net.PlainSocketImpl.connectToAddress(PlainSocketImpl.java:195)
	at java.net.PlainSocketImpl.connect(PlainSocketImpl.java:182)
	at java.net.SocksSocketImpl.connect(SocksSocketImpl.java:366)
	at java.net.Socket.connect(Socket.java:529)
	at org.jivesoftware.openfire.session.LocalOutgoingServerSession.createOutgoingSession(LocalOutgoingServerSession.java:253)
	at org.jivesoftware.openfire.session.LocalOutgoingServerSession.authenticateDomain(LocalOutgoingServerSession.java:144)
	at org.jivesoftware.openfire.server.OutgoingSessionPromise$PacketsProcessor.sendPacket(OutgoingSessionPromise.java:239)
	at org.jivesoftware.openfire.server.OutgoingSessionPromise$PacketsProcessor.run(OutgoingSessionPromise.java:216)
	at java.util.concurrent.ThreadPoolExecutor$Worker.runTask(ThreadPoolExecutor.java:886)
	at java.util.concurrent.ThreadPoolExecutor$Worker.run(ThreadPoolExecutor.java:908)
	at java.lang.Thread.run(Thread.java:662)
2011.04.27 02:52:15 [org.jivesoftware.openfire.session.LocalOutgoingServerSession.createOutgoingSession(LocalOutgoingServerSession.java:258)] Error trying to connect to remote server: gmail.com(DNS lookup: xmpp-server1.l.google.com:5269)
java.net.ConnectException: Connection timed out
	at java.net.PlainSocketImpl.socketConnect(Native Method)
	at java.net.PlainSocketImpl.doConnect(PlainSocketImpl.java:333)
	at java.net.PlainSocketImpl.connectToAddress(PlainSocketImpl.java:195)
	at java.net.PlainSocketImpl.connect(PlainSocketImpl.java:182)
	at java.net.SocksSocketImpl.connect(SocksSocketImpl.java:366)
	at java.net.Socket.connect(Socket.java:529)
	at org.jivesoftware.openfire.session.LocalOutgoingServerSession.createOutgoingSession(LocalOutgoingServerSession.java:253)
	at org.jivesoftware.openfire.session.LocalOutgoingServerSession.authenticateDomain(LocalOutgoingServerSession.java:144)
	at org.jivesoftware.openfire.server.OutgoingSessionPromise$PacketsProcessor.sendPacket(OutgoingSessionPromise.java:239)
	at org.jivesoftware.openfire.server.OutgoingSessionPromise$PacketsProcessor.run(OutgoingSessionPromise.java:216)
	at java.util.concurrent.ThreadPoolExecutor$Worker.runTask(ThreadPoolExecutor.java:886)
	at java.util.concurrent.ThreadPoolExecutor$Worker.run(ThreadPoolExecutor.java:908)
	at java.lang.Thread.run(Thread.java:662)
2011.04.27 04:28:22 [org.jivesoftware.openfire.session.LocalOutgoingServerSession.createOutgoingSession(LocalOutgoingServerSession.java:258)] Error trying to connect to remote server: gmail.com(DNS lookup: xmpp-server1.l.google.com:5269)
java.net.ConnectException: Connection timed out
	at java.net.PlainSocketImpl.socketConnect(Native Method)
	at java.net.PlainSocketImpl.doConnect(PlainSocketImpl.java:333)
	at java.net.PlainSocketImpl.connectToAddress(PlainSocketImpl.java:195)
	at java.net.PlainSocketImpl.connect(PlainSocketImpl.java:182)
	at java.net.SocksSocketImpl.connect(SocksSocketImpl.java:366)
	at java.net.Socket.connect(Socket.java:529)
	at org.jivesoftware.openfire.session.LocalOutgoingServerSession.createOutgoingSession(LocalOutgoingServerSession.java:253)
	at org.jivesoftware.openfire.session.LocalOutgoingServerSession.authenticateDomain(LocalOutgoingServerSession.java:144)
	at org.jivesoftware.openfire.server.OutgoingSessionPromise$PacketsProcessor.sendPacket(OutgoingSessionPromise.java:239)
	at org.jivesoftware.openfire.server.OutgoingSessionPromise$PacketsProcessor.run(OutgoingSessionPromise.java:216)
	at java.util.concurrent.ThreadPoolExecutor$Worker.runTask(ThreadPoolExecutor.java:886)
	at java.util.concurrent.ThreadPoolExecutor$Worker.run(ThreadPoolExecutor.java:908)
	at java.lang.Thread.run(Thread.java:662)
2011.04.27 11:22:32 [org.jivesoftware.openfire.session.LocalOutgoingServerSession.createOutgoingSession(LocalOutgoingServerSession.java:258)] Error trying to connect to remote server: gmail.com(DNS lookup: xmpp-server1.l.google.com:5269)
java.net.ConnectException: Connection timed out
	at java.net.PlainSocketImpl.socketConnect(Native Method)
	at java.net.PlainSocketImpl.doConnect(PlainSocketImpl.java:333)
	at java.net.PlainSocketImpl.connectToAddress(PlainSocketImpl.java:195)
	at java.net.PlainSocketImpl.connect(PlainSocketImpl.java:182)
	at java.net.SocksSocketImpl.connect(SocksSocketImpl.java:366)
	at java.net.Socket.connect(Socket.java:529)
	at org.jivesoftware.openfire.session.LocalOutgoingServerSession.createOutgoingSession(LocalOutgoingServerSession.java:253)
	at org.jivesoftware.openfire.session.LocalOutgoingServerSession.authenticateDomain(LocalOutgoingServerSession.java:144)
	at org.jivesoftware.openfire.server.OutgoingSessionPromise$PacketsProcessor.sendPacket(OutgoingSessionPromise.java:239)
	at org.jivesoftware.openfire.server.OutgoingSessionPromise$PacketsProcessor.run(OutgoingSessionPromise.java:216)
	at java.util.concurrent.ThreadPoolExecutor$Worker.runTask(ThreadPoolExecutor.java:886)
	at java.util.concurrent.ThreadPoolExecutor$Worker.run(ThreadPoolExecutor.java:908)
	at java.lang.Thread.run(Thread.java:662)
