Synchronizing remote metadata to local cache...
Copying duplicity-inc.20110314T100001Z.to.20110401T174939Z.manifest to local cache.
Copying duplicity-new-signatures.20110314T100001Z.to.20110401T174939Z.sigtar to local cache.
Last full backup date: Thu Feb  3 22:20:37 2011
--------------[ Backup Statistics ]--------------
StartTime 1302084011.74 (Wed Apr  6 06:00:11 2011)
EndTime 1302084119.24 (Wed Apr  6 06:01:59 2011)
ElapsedTime 107.50 (1 minute 47.50 seconds)
SourceFiles 76585
SourceFileSize 1486759091 (1.38 GB)
NewFiles 123
NewFileSize 3475426 (3.31 MB)
DeletedFiles 4
ChangedFiles 171
ChangedFileSize 74104135 (70.7 MB)
ChangedDeltaSize 0 (0 bytes)
DeltaEntries 298
RawDeltaSize 18037147 (17.2 MB)
TotalDestinationSizeChange 6631171 (6.32 MB)
Errors 0
-------------------------------------------------

